#
# There is insufficient memory for the Java Runtime Environment to continue.
# Native memory allocation (malloc) failed to allocate 1091568 bytes for Chunk::new
# Possible reasons:
#   The system is out of physical RAM or swap space
#   The process is running with CompressedOops enabled, and the Java Heap may be blocking the growth of the native heap
# Possible solutions:
#   Reduce memory load on the system
#   Increase physical memory or swap space
#   Check if swap backing store is full
#   Decrease Java heap size (-Xmx/-Xms)
#   Decrease number of Java threads
#   Decrease Java thread stack sizes (-Xss)
#   Set larger code cache with -XX:ReservedCodeCacheSize=
#   JVM is running with Zero Based Compressed Oops mode in which the Java heap is
#     placed in the first 32GB address space. The Java Heap base address is the
#     maximum limit for the native heap growth. Please use -XX:HeapBaseMinAddress
#     to set the Java Heap base and to place the Java Heap above 32GB virtual address.
# This output file may be truncated or incomplete.
#
#  Out of Memory Error (arena.cpp:168), pid=7176, tid=1872
#
# JRE version: Java(TM) SE Runtime Environment (21.0.6+8) (build 21.0.6+8-LTS-188)
# Java VM: Java HotSpot(TM) 64-Bit Server VM (21.0.6+8-LTS-188, mixed mode, sharing, tiered, compressed oops, compressed class ptrs, g1 gc, windows-amd64)
# No core dump will be written. Minidumps are not enabled by default on client versions of Windows
#

---------------  S U M M A R Y ------------

Command Line: -javaagent:C:\Program Files\JetBrains\IntelliJ IDEA Community Edition 2024.3.5\lib\idea_rt.jar=55253 -Dfile.encoding=UTF-8 -Dsun.stdout.encoding=UTF-8 -Dsun.stderr.encoding=UTF-8 com.serviciosyave.UsersBackendApplication

Host: Intel(R) Celeron(R) N4120 CPU @ 1.10GHz, 4 cores, 15G,  Windows 11 , 64 bit Build 26100 (10.0.26100.3912)
Time: Sat May 17 16:38:51 2025 Hora estándar de Venezuela elapsed time: 311.695658 seconds (0d 0h 5m 11s)

---------------  T H R E A D  ---------------

Current thread (0x0000027bbf3d5df0):  JavaThread "C2 CompilerThread0" daemon [_thread_in_native, id=1872, stack(0x0000008b0ee00000,0x0000008b0ef00000) (1024K)]


Current CompileTask:
C2: 311695 12246       4       org.springframework.core.ResolvableType::hasGenerics (14 bytes)

Stack: [0x0000008b0ee00000,0x0000008b0ef00000]
Native frames: (J=compiled Java code, j=interpreted, Vv=VM code, C=native code)
V  [jvm.dll+0x6ca6d9]
V  [jvm.dll+0x854f51]
V  [jvm.dll+0x85747e]
V  [jvm.dll+0x857b53]
V  [jvm.dll+0x27dcc6]
V  [jvm.dll+0xc4c2d]
V  [jvm.dll+0xc5163]
V  [jvm.dll+0x3b515c]
V  [jvm.dll+0x1df829]
V  [jvm.dll+0x246a72]
V  [jvm.dll+0x245eff]
V  [jvm.dll+0x1c6d2e]
V  [jvm.dll+0x2554f9]
V  [jvm.dll+0x253a8a]
V  [jvm.dll+0x3ee576]
V  [jvm.dll+0x7ff2fb]
V  [jvm.dll+0x6c8dbd]
C  [ucrtbase.dll+0x37b0]
C  [KERNEL32.DLL+0x2e8d7]
C  [ntdll.dll+0x9c5dc]


---------------  P R O C E S S  ---------------

Threads class SMR info:
_java_thread_list=0x0000027c08dca3e0, length=36, elements={
0x0000027bbf3cc760, 0x0000027bbf3d11d0, 0x0000027bbf3d2750, 0x0000027bbf3d31a0,
0x0000027bbf3d53a0, 0x0000027bbf3d7f70, 0x0000027bbf3d5df0, 0x0000027bbf3d6be0,
0x0000027bbf39f820, 0x0000027bbf72be00, 0x0000027bbf7df6f0, 0x0000027c074ac230,
0x0000027c074a8db0, 0x0000027c074aae80, 0x0000027c074a9ad0, 0x0000027c074ab510,
0x0000027c06ee15e0, 0x0000027c06ee3020, 0x0000027c06ee1c70, 0x0000027c06ee2300,
0x0000027c06ee36b0, 0x0000027c06ee3d40, 0x0000027c06ee43d0, 0x0000027c06ee0f50,
0x0000027c06ee71c0, 0x0000027c06ee64a0, 0x0000027c06ee7ee0, 0x0000027c06ee4a60,
0x0000027c06ee6b30, 0x0000027c06ee7850, 0x0000027c06ee50f0, 0x0000027c06ee5780,
0x0000027c08e67070, 0x0000027c059bfb60, 0x0000027c08e67d90, 0x0000027c08e67700
}

Java Threads: ( => current thread )
  0x0000027bbf3cc760 JavaThread "Reference Handler"          daemon [_thread_blocked, id=15512, stack(0x0000008b0e800000,0x0000008b0e900000) (1024K)]
  0x0000027bbf3d11d0 JavaThread "Finalizer"                  daemon [_thread_blocked, id=10156, stack(0x0000008b0e900000,0x0000008b0ea00000) (1024K)]
  0x0000027bbf3d2750 JavaThread "Signal Dispatcher"          daemon [_thread_blocked, id=16700, stack(0x0000008b0ea00000,0x0000008b0eb00000) (1024K)]
  0x0000027bbf3d31a0 JavaThread "Attach Listener"            daemon [_thread_blocked, id=16148, stack(0x0000008b0eb00000,0x0000008b0ec00000) (1024K)]
  0x0000027bbf3d53a0 JavaThread "Service Thread"             daemon [_thread_blocked, id=8864, stack(0x0000008b0ec00000,0x0000008b0ed00000) (1024K)]
  0x0000027bbf3d7f70 JavaThread "Monitor Deflation Thread"   daemon [_thread_blocked, id=10912, stack(0x0000008b0ed00000,0x0000008b0ee00000) (1024K)]
=>0x0000027bbf3d5df0 JavaThread "C2 CompilerThread0"         daemon [_thread_in_native, id=1872, stack(0x0000008b0ee00000,0x0000008b0ef00000) (1024K)]
  0x0000027bbf3d6be0 JavaThread "C1 CompilerThread0"         daemon [_thread_blocked, id=17076, stack(0x0000008b0ef00000,0x0000008b0f000000) (1024K)]
  0x0000027bbf39f820 JavaThread "Common-Cleaner"             daemon [_thread_blocked, id=15940, stack(0x0000008b0f000000,0x0000008b0f100000) (1024K)]
  0x0000027bbf72be00 JavaThread "Monitor Ctrl-Break"         daemon [_thread_in_native, id=5520, stack(0x0000008b0f100000,0x0000008b0f200000) (1024K)]
  0x0000027bbf7df6f0 JavaThread "Notification Thread"        daemon [_thread_blocked, id=15120, stack(0x0000008b0f200000,0x0000008b0f300000) (1024K)]
  0x0000027c074ac230 JavaThread "Catalina-utility-1"                [_thread_blocked, id=17460, stack(0x0000008b0f900000,0x0000008b0fa00000) (1024K)]
  0x0000027c074a8db0 JavaThread "Catalina-utility-2"                [_thread_blocked, id=15128, stack(0x0000008b0fa00000,0x0000008b0fb00000) (1024K)]
  0x0000027c074aae80 JavaThread "container-0"                       [_thread_blocked, id=11520, stack(0x0000008b0fb00000,0x0000008b0fc00000) (1024K)]
  0x0000027c074a9ad0 JavaThread "mysql-cj-abandoned-connection-cleanup" daemon [_thread_blocked, id=12512, stack(0x0000008b0fc00000,0x0000008b0fd00000) (1024K)]
  0x0000027c074ab510 JavaThread "HikariPool-1 housekeeper"   daemon [_thread_blocked, id=3808, stack(0x0000008b0fe00000,0x0000008b0ff00000) (1024K)]
  0x0000027c06ee15e0 JavaThread "File Watcher"               daemon [_thread_blocked, id=5768, stack(0x0000008b0de00000,0x0000008b0df00000) (1024K)]
  0x0000027c06ee3020 JavaThread "Live Reload Server"         daemon [_thread_in_native, id=4952, stack(0x0000008b10000000,0x0000008b10100000) (1024K)]
  0x0000027c06ee1c70 JavaThread "MessageBroker-1"                   [_thread_blocked, id=9956, stack(0x0000008b0ff00000,0x0000008b10000000) (1024K)]
  0x0000027c06ee2300 JavaThread "http-nio-8080-exec-1"       daemon [_thread_blocked, id=9220, stack(0x0000008b10100000,0x0000008b10200000) (1024K)]
  0x0000027c06ee36b0 JavaThread "http-nio-8080-exec-2"       daemon [_thread_blocked, id=2976, stack(0x0000008b10200000,0x0000008b10300000) (1024K)]
  0x0000027c06ee3d40 JavaThread "http-nio-8080-exec-3"       daemon [_thread_blocked, id=15844, stack(0x0000008b10300000,0x0000008b10400000) (1024K)]
  0x0000027c06ee43d0 JavaThread "http-nio-8080-exec-4"       daemon [_thread_blocked, id=19432, stack(0x0000008b10400000,0x0000008b10500000) (1024K)]
  0x0000027c06ee0f50 JavaThread "http-nio-8080-exec-5"       daemon [_thread_blocked, id=18132, stack(0x0000008b10500000,0x0000008b10600000) (1024K)]
  0x0000027c06ee71c0 JavaThread "http-nio-8080-exec-6"       daemon [_thread_in_vm, id=636, stack(0x0000008b10600000,0x0000008b10700000) (1024K)]
  0x0000027c06ee64a0 JavaThread "http-nio-8080-exec-7"       daemon [_thread_blocked, id=16344, stack(0x0000008b10700000,0x0000008b10800000) (1024K)]
  0x0000027c06ee7ee0 JavaThread "http-nio-8080-exec-8"       daemon [_thread_blocked, id=12884, stack(0x0000008b10800000,0x0000008b10900000) (1024K)]
  0x0000027c06ee4a60 JavaThread "http-nio-8080-exec-9"       daemon [_thread_blocked, id=18228, stack(0x0000008b10900000,0x0000008b10a00000) (1024K)]
  0x0000027c06ee6b30 JavaThread "http-nio-8080-exec-10"      daemon [_thread_blocked, id=12432, stack(0x0000008b10a00000,0x0000008b10b00000) (1024K)]
  0x0000027c06ee7850 JavaThread "http-nio-8080-Poller"       daemon [_thread_in_native, id=5904, stack(0x0000008b10b00000,0x0000008b10c00000) (1024K)]
  0x0000027c06ee50f0 JavaThread "http-nio-8080-Acceptor"     daemon [_thread_in_native, id=12388, stack(0x0000008b10c00000,0x0000008b10d00000) (1024K)]
  0x0000027c06ee5780 JavaThread "DestroyJavaVM"                     [_thread_blocked, id=2988, stack(0x0000008b0e000000,0x0000008b0e100000) (1024K)]
  0x0000027c08e67070 JavaThread "MessageBroker-2"                   [_thread_blocked, id=12228, stack(0x0000008b0dd00000,0x0000008b0de00000) (1024K)]
  0x0000027c059bfb60 JavaThread "C2 CompilerThread1"         daemon [_thread_in_native, id=16052, stack(0x0000008b0f600000,0x0000008b0f700000) (1024K)]
  0x0000027c08e67d90 JavaThread "MessageBroker-4"                   [_thread_blocked, id=16608, stack(0x0000008b0f700000,0x0000008b0f800000) (1024K)]
  0x0000027c08e67700 JavaThread "MessageBroker-3"                   [_thread_blocked, id=14612, stack(0x0000008b0fd00000,0x0000008b0fe00000) (1024K)]
Total: 36

Other Threads:
  0x0000027bbf3af060 VMThread "VM Thread"                           [id=10916, stack(0x0000008b0e700000,0x0000008b0e800000) (1024K)]
  0x0000027bbf39eb80 WatcherThread "VM Periodic Task Thread"        [id=13604, stack(0x0000008b0e600000,0x0000008b0e700000) (1024K)]
  0x0000027ba0b68fd0 WorkerThread "GC Thread#0"                     [id=18200, stack(0x0000008b0e100000,0x0000008b0e200000) (1024K)]
  0x0000027bbf8721b0 WorkerThread "GC Thread#1"                     [id=16760, stack(0x0000008b0f300000,0x0000008b0f400000) (1024K)]
  0x0000027bbf7a9400 WorkerThread "GC Thread#2"                     [id=7404, stack(0x0000008b0f400000,0x0000008b0f500000) (1024K)]
  0x0000027bbf7a97a0 WorkerThread "GC Thread#3"                     [id=12416, stack(0x0000008b0f500000,0x0000008b0f600000) (1024K)]
  0x0000027ba0b7a550 ConcurrentGCThread "G1 Main Marker"            [id=8332, stack(0x0000008b0e200000,0x0000008b0e300000) (1024K)]
  0x0000027ba0b7b050 WorkerThread "G1 Conc#0"                       [id=18076, stack(0x0000008b0e300000,0x0000008b0e400000) (1024K)]
  0x0000027ba0bbe7a0 ConcurrentGCThread "G1 Refine#0"               [id=15716, stack(0x0000008b0e400000,0x0000008b0e500000) (1024K)]
  0x0000027bbf270680 ConcurrentGCThread "G1 Service"                [id=18524, stack(0x0000008b0e500000,0x0000008b0e600000) (1024K)]
Total: 10

Threads with active compile tasks:
C2 CompilerThread0   311769 12246       4       org.springframework.core.ResolvableType::hasGenerics (14 bytes)
C2 CompilerThread1   311769 12247       4       org.springframework.beans.factory.support.AbstractBeanFactory::isTypeMatch (745 bytes)
Total: 2

VM state: not at safepoint (normal execution)

VM Mutex/Monitor currently owned by a thread: None

Heap address: 0x0000000702e00000, size: 4050 MB, Compressed Oops mode: Zero based, Oop shift amount: 3

CDS archive(s) mapped at: [0x0000027bc0000000-0x0000027bc0c90000-0x0000027bc0c90000), size 13172736, SharedBaseAddress: 0x0000027bc0000000, ArchiveRelocationMode: 1.
Compressed class space mapped at: 0x0000027bc1000000-0x0000027c01000000, reserved size: 1073741824
Narrow klass base: 0x0000027bc0000000, Narrow klass shift: 0, Narrow klass range: 0x100000000

GC Precious Log:
 CardTable entry size: 512
 Card Set container configuration: InlinePtr #cards 4 size 8 Array Of Cards #cards 16 size 48 Howl #buckets 8 coarsen threshold 3686 Howl Bitmap #cards 512 size 80 coarsen threshold 460 Card regions per heap region 1 cards per card region 4096
 CPUs: 4 total, 4 available
 Memory: 16199M
 Large Page Support: Disabled
 NUMA Support: Disabled
 Compressed Oops: Enabled (Zero based)
 Heap Region Size: 2M
 Heap Min Capacity: 8M
 Heap Initial Capacity: 254M
 Heap Max Capacity: 4050M
 Pre-touch: Disabled
 Parallel Workers: 4
 Concurrent Workers: 1
 Concurrent Refinement Workers: 4
 Periodic GC: Disabled

Heap:
 garbage-first heap   total 145408K, used 97828K [0x0000000702e00000, 0x0000000800000000)
  region size 2048K, 24 young (49152K), 3 survivors (6144K)
 Metaspace       used 92161K, committed 93056K, reserved 1179648K
  class space    used 12145K, committed 12544K, reserved 1048576K

Heap Regions: E=young(eden), S=young(survivor), O=old, HS=humongous(starts), HC=humongous(continues), CS=collection set, F=free, TAMS=top-at-mark-start, PB=parsable bottom
|   0|0x0000000702e00000, 0x0000000703000000, 0x0000000703000000|100%| O|  |TAMS 0x0000000702e00000| PB 0x0000000702e00000| Untracked 
|   1|0x0000000703000000, 0x0000000703200000, 0x0000000703200000|100%| O|  |TAMS 0x0000000703000000| PB 0x0000000703000000| Untracked 
|   2|0x0000000703200000, 0x0000000703400000, 0x0000000703400000|100%| O|  |TAMS 0x0000000703200000| PB 0x0000000703200000| Untracked 
|   3|0x0000000703400000, 0x0000000703600000, 0x0000000703600000|100%| O|  |TAMS 0x0000000703400000| PB 0x0000000703400000| Untracked 
|   4|0x0000000703600000, 0x0000000703800000, 0x0000000703800000|100%| O|  |TAMS 0x0000000703600000| PB 0x0000000703600000| Untracked 
|   5|0x0000000703800000, 0x0000000703a00000, 0x0000000703a00000|100%| O|  |TAMS 0x0000000703800000| PB 0x0000000703800000| Untracked 
|   6|0x0000000703a00000, 0x0000000703c00000, 0x0000000703c00000|100%| O|  |TAMS 0x0000000703a00000| PB 0x0000000703a00000| Untracked 
|   7|0x0000000703c00000, 0x0000000703e00000, 0x0000000703e00000|100%| O|  |TAMS 0x0000000703c00000| PB 0x0000000703c00000| Untracked 
|   8|0x0000000703e00000, 0x0000000704000000, 0x0000000704000000|100%| O|  |TAMS 0x0000000703e00000| PB 0x0000000703e00000| Untracked 
|   9|0x0000000704000000, 0x0000000704200000, 0x0000000704200000|100%| O|  |TAMS 0x0000000704000000| PB 0x0000000704000000| Untracked 
|  10|0x0000000704200000, 0x0000000704400000, 0x0000000704400000|100%| O|  |TAMS 0x0000000704200000| PB 0x0000000704200000| Untracked 
|  11|0x0000000704400000, 0x0000000704600000, 0x0000000704600000|100%| O|  |TAMS 0x0000000704400000| PB 0x0000000704400000| Untracked 
|  12|0x0000000704600000, 0x0000000704800000, 0x0000000704800000|100%| O|  |TAMS 0x0000000704600000| PB 0x0000000704600000| Untracked 
|  13|0x0000000704800000, 0x0000000704a00000, 0x0000000704a00000|100%| O|  |TAMS 0x0000000704800000| PB 0x0000000704800000| Untracked 
|  14|0x0000000704a00000, 0x0000000704c00000, 0x0000000704c00000|100%| O|  |TAMS 0x0000000704a00000| PB 0x0000000704a00000| Untracked 
|  15|0x0000000704c00000, 0x0000000704e00000, 0x0000000704e00000|100%| O|  |TAMS 0x0000000704c00000| PB 0x0000000704c00000| Untracked 
|  16|0x0000000704e00000, 0x0000000705000000, 0x0000000705000000|100%| O|  |TAMS 0x0000000704e00000| PB 0x0000000704e00000| Untracked 
|  17|0x0000000705000000, 0x0000000705000000, 0x0000000705200000|  0%| F|  |TAMS 0x0000000705000000| PB 0x0000000705000000| Untracked 
|  18|0x0000000705200000, 0x0000000705400000, 0x0000000705400000|100%| O|  |TAMS 0x0000000705200000| PB 0x0000000705200000| Untracked 
|  19|0x0000000705400000, 0x0000000705600000, 0x0000000705600000|100%| O|Cm|TAMS 0x0000000705400000| PB 0x0000000705400000| Complete 
|  20|0x0000000705600000, 0x0000000705800000, 0x0000000705800000|100%| O|  |TAMS 0x0000000705600000| PB 0x0000000705600000| Untracked 
|  21|0x0000000705800000, 0x00000007059d1800, 0x0000000705a00000| 90%| O|  |TAMS 0x0000000705800000| PB 0x0000000705800000| Untracked 
|  22|0x0000000705a00000, 0x0000000705a00000, 0x0000000705c00000|  0%| F|  |TAMS 0x0000000705a00000| PB 0x0000000705a00000| Untracked 
|  23|0x0000000705c00000, 0x0000000705c00000, 0x0000000705e00000|  0%| F|  |TAMS 0x0000000705c00000| PB 0x0000000705c00000| Untracked 
|  24|0x0000000705e00000, 0x0000000705e00000, 0x0000000706000000|  0%| F|  |TAMS 0x0000000705e00000| PB 0x0000000705e00000| Untracked 
|  25|0x0000000706000000, 0x0000000706200000, 0x0000000706200000|100%| O|  |TAMS 0x0000000706000000| PB 0x0000000706000000| Untracked 
|  26|0x0000000706200000, 0x0000000706200000, 0x0000000706400000|  0%| F|  |TAMS 0x0000000706200000| PB 0x0000000706200000| Untracked 
|  27|0x0000000706400000, 0x0000000706400000, 0x0000000706600000|  0%| F|  |TAMS 0x0000000706400000| PB 0x0000000706400000| Untracked 
|  28|0x0000000706600000, 0x0000000706600000, 0x0000000706800000|  0%| F|  |TAMS 0x0000000706600000| PB 0x0000000706600000| Untracked 
|  29|0x0000000706800000, 0x0000000706800000, 0x0000000706a00000|  0%| F|  |TAMS 0x0000000706800000| PB 0x0000000706800000| Untracked 
|  30|0x0000000706a00000, 0x0000000706c00000, 0x0000000706c00000|100%| O|  |TAMS 0x0000000706a00000| PB 0x0000000706a00000| Untracked 
|  31|0x0000000706c00000, 0x0000000706e00000, 0x0000000706e00000|100%| O|  |TAMS 0x0000000706c00000| PB 0x0000000706c00000| Untracked 
|  32|0x0000000706e00000, 0x0000000707000000, 0x0000000707000000|100%| O|  |TAMS 0x0000000706e00000| PB 0x0000000706e00000| Untracked 
|  33|0x0000000707000000, 0x0000000707000000, 0x0000000707200000|  0%| F|  |TAMS 0x0000000707000000| PB 0x0000000707000000| Untracked 
|  34|0x0000000707200000, 0x0000000707200000, 0x0000000707400000|  0%| F|  |TAMS 0x0000000707200000| PB 0x0000000707200000| Untracked 
|  35|0x0000000707400000, 0x0000000707400000, 0x0000000707600000|  0%| F|  |TAMS 0x0000000707400000| PB 0x0000000707400000| Untracked 
|  36|0x0000000707600000, 0x0000000707600000, 0x0000000707800000|  0%| F|  |TAMS 0x0000000707600000| PB 0x0000000707600000| Untracked 
|  37|0x0000000707800000, 0x0000000707800000, 0x0000000707a00000|  0%| F|  |TAMS 0x0000000707800000| PB 0x0000000707800000| Untracked 
|  38|0x0000000707a00000, 0x0000000707a00000, 0x0000000707c00000|  0%| F|  |TAMS 0x0000000707a00000| PB 0x0000000707a00000| Untracked 
|  39|0x0000000707c00000, 0x0000000707db7a88, 0x0000000707e00000| 85%| S|CS|TAMS 0x0000000707c00000| PB 0x0000000707c00000| Complete 
|  40|0x0000000707e00000, 0x0000000708000000, 0x0000000708000000|100%| S|CS|TAMS 0x0000000707e00000| PB 0x0000000707e00000| Complete 
|  41|0x0000000708000000, 0x0000000708200000, 0x0000000708200000|100%| S|CS|TAMS 0x0000000708000000| PB 0x0000000708000000| Complete 
|  42|0x0000000708200000, 0x0000000708200000, 0x0000000708400000|  0%| F|  |TAMS 0x0000000708200000| PB 0x0000000708200000| Untracked 
|  43|0x0000000708400000, 0x0000000708400000, 0x0000000708600000|  0%| F|  |TAMS 0x0000000708400000| PB 0x0000000708400000| Untracked 
|  44|0x0000000708600000, 0x0000000708600000, 0x0000000708800000|  0%| F|  |TAMS 0x0000000708600000| PB 0x0000000708600000| Untracked 
|  45|0x0000000708800000, 0x0000000708800000, 0x0000000708a00000|  0%| F|  |TAMS 0x0000000708800000| PB 0x0000000708800000| Untracked 
|  46|0x0000000708a00000, 0x0000000708a00000, 0x0000000708c00000|  0%| F|  |TAMS 0x0000000708a00000| PB 0x0000000708a00000| Untracked 
|  47|0x0000000708c00000, 0x0000000708c00000, 0x0000000708e00000|  0%| F|  |TAMS 0x0000000708c00000| PB 0x0000000708c00000| Untracked 
|  48|0x0000000708e00000, 0x0000000708e00000, 0x0000000709000000|  0%| F|  |TAMS 0x0000000708e00000| PB 0x0000000708e00000| Untracked 
|  49|0x0000000709000000, 0x0000000709000000, 0x0000000709200000|  0%| F|  |TAMS 0x0000000709000000| PB 0x0000000709000000| Untracked 
|  50|0x0000000709200000, 0x00000007093f0328, 0x0000000709400000| 96%| E|  |TAMS 0x0000000709200000| PB 0x0000000709200000| Complete 
|  51|0x0000000709400000, 0x0000000709600000, 0x0000000709600000|100%| E|CS|TAMS 0x0000000709400000| PB 0x0000000709400000| Complete 
|  52|0x0000000709600000, 0x0000000709800000, 0x0000000709800000|100%| E|CS|TAMS 0x0000000709600000| PB 0x0000000709600000| Complete 
|  53|0x0000000709800000, 0x0000000709a00000, 0x0000000709a00000|100%| E|CS|TAMS 0x0000000709800000| PB 0x0000000709800000| Complete 
|  54|0x0000000709a00000, 0x0000000709c00000, 0x0000000709c00000|100%| E|CS|TAMS 0x0000000709a00000| PB 0x0000000709a00000| Complete 
|  55|0x0000000709c00000, 0x0000000709e00000, 0x0000000709e00000|100%| E|CS|TAMS 0x0000000709c00000| PB 0x0000000709c00000| Complete 
|  56|0x0000000709e00000, 0x000000070a000000, 0x000000070a000000|100%| E|CS|TAMS 0x0000000709e00000| PB 0x0000000709e00000| Complete 
|  57|0x000000070a000000, 0x000000070a200000, 0x000000070a200000|100%| E|CS|TAMS 0x000000070a000000| PB 0x000000070a000000| Complete 
|  58|0x000000070a200000, 0x000000070a400000, 0x000000070a400000|100%| E|CS|TAMS 0x000000070a200000| PB 0x000000070a200000| Complete 
|  59|0x000000070a400000, 0x000000070a600000, 0x000000070a600000|100%| E|CS|TAMS 0x000000070a400000| PB 0x000000070a400000| Complete 
|  60|0x000000070a600000, 0x000000070a800000, 0x000000070a800000|100%| E|CS|TAMS 0x000000070a600000| PB 0x000000070a600000| Complete 
|  61|0x000000070a800000, 0x000000070aa00000, 0x000000070aa00000|100%| E|CS|TAMS 0x000000070a800000| PB 0x000000070a800000| Complete 
|  62|0x000000070aa00000, 0x000000070ac00000, 0x000000070ac00000|100%| E|CS|TAMS 0x000000070aa00000| PB 0x000000070aa00000| Complete 
|  63|0x000000070ac00000, 0x000000070ae00000, 0x000000070ae00000|100%| E|CS|TAMS 0x000000070ac00000| PB 0x000000070ac00000| Complete 
|  64|0x000000070ae00000, 0x000000070b000000, 0x000000070b000000|100%| E|CS|TAMS 0x000000070ae00000| PB 0x000000070ae00000| Complete 
|  98|0x000000070f200000, 0x000000070f400000, 0x000000070f400000|100%| E|CS|TAMS 0x000000070f200000| PB 0x000000070f200000| Complete 
|  99|0x000000070f400000, 0x000000070f600000, 0x000000070f600000|100%| E|CS|TAMS 0x000000070f400000| PB 0x000000070f400000| Complete 
| 100|0x000000070f600000, 0x000000070f800000, 0x000000070f800000|100%| E|CS|TAMS 0x000000070f600000| PB 0x000000070f600000| Complete 
| 101|0x000000070f800000, 0x000000070fa00000, 0x000000070fa00000|100%| E|CS|TAMS 0x000000070f800000| PB 0x000000070f800000| Complete 
| 126|0x0000000712a00000, 0x0000000712c00000, 0x0000000712c00000|100%| E|CS|TAMS 0x0000000712a00000| PB 0x0000000712a00000| Complete 
|2024|0x00000007ffe00000, 0x0000000800000000, 0x0000000800000000|100%| E|CS|TAMS 0x00000007ffe00000| PB 0x00000007ffe00000| Complete 

Card table byte_map: [0x0000027bb8770000,0x0000027bb8f60000] _byte_map_base: 0x0000027bb4f59000

Marking Bits: (CMBitMap*) 0x0000027ba0b69ee0
 Bits: [0x0000027bb8f60000, 0x0000027bbcea8000)

Polling page: 0x0000027b9e990000

Metaspace:

Usage:
  Non-class:     78.18 MB used.
      Class:     11.87 MB used.
       Both:     90.04 MB used.

Virtual space:
  Non-class space:      128.00 MB reserved,      78.69 MB ( 61%) committed,  2 nodes.
      Class space:        1.00 GB reserved,      12.25 MB (  1%) committed,  1 nodes.
             Both:        1.12 GB reserved,      90.94 MB (  8%) committed. 

Chunk freelists:
   Non-Class:  880.00 KB
       Class:  3.70 MB
        Both:  4.56 MB

MaxMetaspaceSize: unlimited
CompressedClassSpaceSize: 1.00 GB
Initial GC threshold: 21.00 MB
Current GC threshold: 129.62 MB
CDS: on
 - commit_granule_bytes: 65536.
 - commit_granule_words: 8192.
 - virtual_space_node_default_size: 8388608.
 - enlarge_chunks_in_place: 1.
 - use_allocation_guard: 0.


Internal statistics:

num_allocs_failed_limit: 12.
num_arena_births: 1330.
num_arena_deaths: 4.
num_vsnodes_births: 3.
num_vsnodes_deaths: 0.
num_space_committed: 1455.
num_space_uncommitted: 0.
num_chunks_returned_to_freelist: 18.
num_chunks_taken_from_freelist: 4656.
num_chunk_merges: 12.
num_chunk_splits: 3328.
num_chunks_enlarged: 2521.
num_inconsistent_stats: 0.

CodeHeap 'non-profiled nmethods': size=120000Kb used=6639Kb max_used=6639Kb free=113360Kb
 bounds [0x0000027bb0a50000, 0x0000027bb10d0000, 0x0000027bb7f80000]
CodeHeap 'profiled nmethods': size=120000Kb used=21883Kb max_used=21883Kb free=98116Kb
 bounds [0x0000027ba8f80000, 0x0000027baa4e0000, 0x0000027bb04b0000]
CodeHeap 'non-nmethods': size=5760Kb used=1810Kb max_used=1831Kb free=3949Kb
 bounds [0x0000027bb04b0000, 0x0000027bb0720000, 0x0000027bb0a50000]
 total_blobs=11713 nmethods=10908 adapters=709
 compilation: enabled
              stopped_count=0, restarted_count=0
 full_count=0

Compilation events (20 events):
Event: 311.282 Thread 0x0000027bbf3d6be0 12329       3       org.apache.tomcat.util.threads.ThreadPoolExecutor::workerCountOf (5 bytes)
Event: 311.283 Thread 0x0000027bbf3d6be0 nmethod 12329 0x0000027baa4d4310 code [0x0000027baa4d44a0, 0x0000027baa4d4598]
Event: 311.287 Thread 0x0000027bbf3d6be0 12330       3       org.springframework.core.annotation.AnnotatedMethod::<init> (43 bytes)
Event: 311.288 Thread 0x0000027bbf3d6be0 nmethod 12330 0x0000027baa4d4610 code [0x0000027baa4d47e0, 0x0000027baa4d4c68]
Event: 311.288 Thread 0x0000027bbf3d6be0 12331       2       org.springframework.util.ConcurrentReferenceHashMap$Segment::getReference (55 bytes)
Event: 311.288 Thread 0x0000027bbf3d6be0 nmethod 12331 0x0000027baa4d4e10 code [0x0000027baa4d4fe0, 0x0000027baa4d51e8]
Event: 311.289 Thread 0x0000027bbf3d6be0 12332       3       org.apache.catalina.connector.OutputBuffer::clear (10 bytes)
Event: 311.290 Thread 0x0000027bbf3d6be0 nmethod 12332 0x0000027baa4d5390 code [0x0000027baa4d5560, 0x0000027baa4d5800]
Event: 311.290 Thread 0x0000027bbf3d6be0 12333       3       org.apache.catalina.core.ApplicationHttpRequest$AttributeNamesEnumerator::hasMoreElements (36 bytes)
Event: 311.290 Thread 0x0000027bbf3d6be0 nmethod 12333 0x0000027baa4d5910 code [0x0000027baa4d5ac0, 0x0000027baa4d5d58]
Event: 311.290 Thread 0x0000027bbf3d6be0 12334       3       org.apache.catalina.core.ApplicationHttpRequest$AttributeNamesEnumerator::nextElement (5 bytes)
Event: 311.290 Thread 0x0000027bbf3d6be0 nmethod 12334 0x0000027baa4d5e10 code [0x0000027baa4d5fc0, 0x0000027baa4d6118]
Event: 311.290 Thread 0x0000027bbf3d6be0 12335       3       org.springframework.web.method.HandlerMethod::<init> (127 bytes)
Event: 311.291 Thread 0x0000027bbf3d6be0 nmethod 12335 0x0000027baa4d6210 code [0x0000027baa4d6420, 0x0000027baa4d6b50]
Event: 311.294 Thread 0x0000027bbf3d6be0 12336       3       ch.qos.logback.core.pattern.SpacePadder::spacePad (53 bytes)
Event: 311.295 Thread 0x0000027bbf3d6be0 nmethod 12336 0x0000027baa4d6c90 code [0x0000027baa4d6e80, 0x0000027baa4d72b0]
Event: 311.295 Thread 0x0000027bbf3d6be0 12337       3       org.apache.catalina.connector.ResponseFacade::isCommitted (12 bytes)
Event: 311.296 Thread 0x0000027bbf3d6be0 nmethod 12337 0x0000027baa4d7510 code [0x0000027baa4d7700, 0x0000027baa4d7a10]
Event: 311.296 Thread 0x0000027bbf3d6be0 12338       3       java.nio.ByteBuffer::rewind (5 bytes)
Event: 311.296 Thread 0x0000027bbf3d6be0 nmethod 12338 0x0000027baa4d7b90 code [0x0000027baa4d7d40, 0x0000027baa4d7f08]

GC Heap History (20 events):
Event: 26.907 GC heap before
{Heap before GC invocations=21 (full 0):
 garbage-first heap   total 61440K, used 51843K [0x0000000702e00000, 0x0000000800000000)
  region size 2048K, 9 young (18432K), 2 survivors (4096K)
 Metaspace       used 71300K, committed 71936K, reserved 1114112K
  class space    used 9378K, committed 9664K, reserved 1048576K
}
Event: 26.920 GC heap after
{Heap after GC invocations=22 (full 0):
 garbage-first heap   total 61440K, used 39106K [0x0000000702e00000, 0x0000000800000000)
  region size 2048K, 1 young (2048K), 1 survivors (2048K)
 Metaspace       used 71300K, committed 71936K, reserved 1114112K
  class space    used 9378K, committed 9664K, reserved 1048576K
}
Event: 27.509 GC heap before
{Heap before GC invocations=23 (full 0):
 garbage-first heap   total 71680K, used 51394K [0x0000000702e00000, 0x0000000800000000)
  region size 2048K, 7 young (14336K), 1 survivors (2048K)
 Metaspace       used 72329K, committed 72960K, reserved 1114112K
  class space    used 9679K, committed 9984K, reserved 1048576K
}
Event: 27.523 GC heap after
{Heap after GC invocations=24 (full 0):
 garbage-first heap   total 71680K, used 42399K [0x0000000702e00000, 0x0000000800000000)
  region size 2048K, 1 young (2048K), 1 survivors (2048K)
 Metaspace       used 72329K, committed 72960K, reserved 1114112K
  class space    used 9679K, committed 9984K, reserved 1048576K
}
Event: 27.740 GC heap before
{Heap before GC invocations=24 (full 0):
 garbage-first heap   total 71680K, used 62879K [0x0000000702e00000, 0x0000000800000000)
  region size 2048K, 11 young (22528K), 1 survivors (2048K)
 Metaspace       used 72343K, committed 73024K, reserved 1114112K
  class space    used 9679K, committed 9984K, reserved 1048576K
}
Event: 27.762 GC heap after
{Heap after GC invocations=25 (full 0):
 garbage-first heap   total 73728K, used 48254K [0x0000000702e00000, 0x0000000800000000)
  region size 2048K, 2 young (4096K), 2 survivors (4096K)
 Metaspace       used 72343K, committed 73024K, reserved 1114112K
  class space    used 9679K, committed 9984K, reserved 1048576K
}
Event: 27.902 GC heap before
{Heap before GC invocations=25 (full 0):
 garbage-first heap   total 73728K, used 62590K [0x0000000702e00000, 0x0000000800000000)
  region size 2048K, 9 young (18432K), 2 survivors (4096K)
 Metaspace       used 72343K, committed 73024K, reserved 1114112K
  class space    used 9679K, committed 9984K, reserved 1048576K
}
Event: 27.921 GC heap after
{Heap after GC invocations=26 (full 0):
 garbage-first heap   total 73728K, used 52781K [0x0000000702e00000, 0x0000000800000000)
  region size 2048K, 2 young (4096K), 2 survivors (4096K)
 Metaspace       used 72343K, committed 73024K, reserved 1114112K
  class space    used 9679K, committed 9984K, reserved 1048576K
}
Event: 28.113 GC heap before
{Heap before GC invocations=26 (full 0):
 garbage-first heap   total 73728K, used 63021K [0x0000000702e00000, 0x0000000800000000)
  region size 2048K, 7 young (14336K), 2 survivors (4096K)
 Metaspace       used 72344K, committed 73024K, reserved 1114112K
  class space    used 9679K, committed 9984K, reserved 1048576K
}
Event: 28.129 GC heap after
{Heap after GC invocations=27 (full 0):
 garbage-first heap   total 145408K, used 56198K [0x0000000702e00000, 0x0000000800000000)
  region size 2048K, 1 young (2048K), 1 survivors (2048K)
 Metaspace       used 72344K, committed 73024K, reserved 1114112K
  class space    used 9679K, committed 9984K, reserved 1048576K
}
Event: 29.187 GC heap before
{Heap before GC invocations=28 (full 0):
 garbage-first heap   total 145408K, used 111494K [0x0000000702e00000, 0x0000000800000000)
  region size 2048K, 29 young (59392K), 1 survivors (2048K)
 Metaspace       used 73878K, committed 74560K, reserved 1114112K
  class space    used 9867K, committed 10176K, reserved 1048576K
}
Event: 29.214 GC heap after
{Heap after GC invocations=29 (full 0):
 garbage-first heap   total 145408K, used 62342K [0x0000000702e00000, 0x0000000800000000)
  region size 2048K, 4 young (8192K), 4 survivors (8192K)
 Metaspace       used 73878K, committed 74560K, reserved 1114112K
  class space    used 9867K, committed 10176K, reserved 1048576K
}
Event: 32.184 GC heap before
{Heap before GC invocations=29 (full 0):
 garbage-first heap   total 145408K, used 111494K [0x0000000702e00000, 0x0000000800000000)
  region size 2048K, 29 young (59392K), 4 survivors (8192K)
 Metaspace       used 78387K, committed 79232K, reserved 1179648K
  class space    used 10422K, committed 10816K, reserved 1048576K
}
Event: 32.219 GC heap after
{Heap after GC invocations=30 (full 0):
 garbage-first heap   total 145408K, used 67145K [0x0000000702e00000, 0x0000000800000000)
  region size 2048K, 3 young (6144K), 3 survivors (6144K)
 Metaspace       used 78387K, committed 79232K, reserved 1179648K
  class space    used 10422K, committed 10816K, reserved 1048576K
}
Event: 34.028 GC heap before
{Heap before GC invocations=30 (full 0):
 garbage-first heap   total 145408K, used 116297K [0x0000000702e00000, 0x0000000800000000)
  region size 2048K, 28 young (57344K), 3 survivors (6144K)
 Metaspace       used 78798K, committed 79616K, reserved 1179648K
  class space    used 10450K, committed 10816K, reserved 1048576K
}
Event: 34.043 GC heap after
{Heap after GC invocations=31 (full 0):
 garbage-first heap   total 145408K, used 68236K [0x0000000702e00000, 0x0000000800000000)
  region size 2048K, 1 young (2048K), 1 survivors (2048K)
 Metaspace       used 78798K, committed 79616K, reserved 1179648K
  class space    used 10450K, committed 10816K, reserved 1048576K
}
Event: 36.090 GC heap before
{Heap before GC invocations=32 (full 0):
 garbage-first heap   total 145408K, used 117388K [0x0000000702e00000, 0x0000000800000000)
  region size 2048K, 27 young (55296K), 1 survivors (2048K)
 Metaspace       used 80388K, committed 81152K, reserved 1179648K
  class space    used 10682K, committed 11072K, reserved 1048576K
}
Event: 36.102 GC heap after
{Heap after GC invocations=33 (full 0):
 garbage-first heap   total 145408K, used 66451K [0x0000000702e00000, 0x0000000800000000)
  region size 2048K, 1 young (2048K), 1 survivors (2048K)
 Metaspace       used 80388K, committed 81152K, reserved 1179648K
  class space    used 10682K, committed 11072K, reserved 1048576K
}
Event: 119.617 GC heap before
{Heap before GC invocations=33 (full 0):
 garbage-first heap   total 145408K, used 121747K [0x0000000702e00000, 0x0000000800000000)
  region size 2048K, 29 young (59392K), 1 survivors (2048K)
 Metaspace       used 90181K, committed 91136K, reserved 1179648K
  class space    used 11999K, committed 12416K, reserved 1048576K
}
Event: 119.641 GC heap after
{Heap after GC invocations=34 (full 0):
 garbage-first heap   total 145408K, used 56868K [0x0000000702e00000, 0x0000000800000000)
  region size 2048K, 3 young (6144K), 3 survivors (6144K)
 Metaspace       used 90181K, committed 91136K, reserved 1179648K
  class space    used 11999K, committed 12416K, reserved 1048576K
}

Dll operation events (13 events):
Event: 0.034 Loaded shared library C:\Program Files\Java\jdk-21\bin\java.dll
Event: 0.109 Loaded shared library C:\Program Files\Java\jdk-21\bin\jsvml.dll
Event: 0.319 Loaded shared library C:\Program Files\Java\jdk-21\bin\zip.dll
Event: 0.326 Loaded shared library C:\Program Files\Java\jdk-21\bin\instrument.dll
Event: 0.338 Loaded shared library C:\Program Files\Java\jdk-21\bin\net.dll
Event: 0.354 Loaded shared library C:\Program Files\Java\jdk-21\bin\nio.dll
Event: 0.377 Loaded shared library C:\Program Files\Java\jdk-21\bin\zip.dll
Event: 0.771 Loaded shared library C:\Program Files\Java\jdk-21\bin\extnet.dll
Event: 0.875 Loaded shared library C:\Program Files\Java\jdk-21\bin\jimage.dll
Event: 0.909 Loaded shared library C:\Program Files\Java\jdk-21\bin\sunmscapi.dll
Event: 2.205 Loaded shared library C:\Program Files\Java\jdk-21\bin\management.dll
Event: 2.212 Loaded shared library C:\Program Files\Java\jdk-21\bin\management_ext.dll
Event: 13.996 Loaded shared library C:\Program Files\Java\jdk-21\bin\verify.dll

Deoptimization events (20 events):
Event: 310.705 Thread 0x0000027c06ee71c0 Uncommon trap: trap_request=0xfffffff4 fr.pc=0x0000027bb0e03f10 relative=0x0000000000000a90
Event: 310.705 Thread 0x0000027c06ee71c0 Uncommon trap: reason=null_check action=make_not_entrant pc=0x0000027bb0e03f10 method=org.springframework.core.annotation.AnnotationsScanner.isWithoutHierarchy(Ljava/lang/reflect/AnnotatedElement;Lorg/springframework/core/annotation/MergedAnnotations$Sear
Event: 310.705 Thread 0x0000027c06ee71c0 DEOPT PACKING pc=0x0000027bb0e03f10 sp=0x0000008b106fa660
Event: 310.705 Thread 0x0000027c06ee71c0 DEOPT UNPACKING pc=0x0000027bb050469c sp=0x0000008b106fa578 mode 2
Event: 310.871 Thread 0x0000027c06ee2300 Uncommon trap: trap_request=0xffffff54 fr.pc=0x0000027bb0d3ebf8 relative=0x0000000000000638
Event: 310.871 Thread 0x0000027c06ee2300 Uncommon trap: reason=speculate_null_assert action=make_not_entrant pc=0x0000027bb0d3ebf8 method=org.springframework.util.ConcurrentReferenceHashMap$Segment.restructureIfNecessary(Z)V @ 41 c2
Event: 310.871 Thread 0x0000027c06ee2300 DEOPT PACKING pc=0x0000027bb0d3ebf8 sp=0x0000008b101f9c70
Event: 310.871 Thread 0x0000027c06ee2300 DEOPT UNPACKING pc=0x0000027bb050469c sp=0x0000008b101f9a60 mode 2
Event: 310.919 Thread 0x0000027c06ee2300 Uncommon trap: trap_request=0xffffff54 fr.pc=0x0000027bb0ed8f24 relative=0x0000000000000584
Event: 310.919 Thread 0x0000027c06ee2300 Uncommon trap: reason=speculate_null_assert action=make_not_entrant pc=0x0000027bb0ed8f24 method=org.springframework.util.ConcurrentReferenceHashMap$Segment.restructureIfNecessary(Z)V @ 41 c2
Event: 310.919 Thread 0x0000027c06ee2300 DEOPT PACKING pc=0x0000027bb0ed8f24 sp=0x0000008b101f9c10
Event: 310.919 Thread 0x0000027c06ee2300 DEOPT UNPACKING pc=0x0000027bb050469c sp=0x0000008b101f9a68 mode 2
Event: 310.919 Thread 0x0000027c06ee2300 Uncommon trap: trap_request=0xffffff54 fr.pc=0x0000027bb0eda29c relative=0x00000000000003bc
Event: 310.919 Thread 0x0000027c06ee2300 Uncommon trap: reason=speculate_null_assert action=make_not_entrant pc=0x0000027bb0eda29c method=org.springframework.util.ConcurrentReferenceHashMap$Segment.restructureIfNecessary(Z)V @ 41 c2
Event: 310.919 Thread 0x0000027c06ee2300 DEOPT PACKING pc=0x0000027bb0eda29c sp=0x0000008b101f9b20
Event: 310.920 Thread 0x0000027c06ee2300 DEOPT UNPACKING pc=0x0000027bb050469c sp=0x0000008b101f9a48 mode 2
Event: 311.059 Thread 0x0000027c06ee71c0 Uncommon trap: trap_request=0xffffff45 fr.pc=0x0000027bb0fe4d0c relative=0x00000000000000ec
Event: 311.059 Thread 0x0000027c06ee71c0 Uncommon trap: reason=unstable_if action=reinterpret pc=0x0000027bb0fe4d0c method=java.math.BigInteger.getInt(I)I @ 39 c2
Event: 311.059 Thread 0x0000027c06ee71c0 DEOPT PACKING pc=0x0000027bb0fe4d0c sp=0x0000008b106f9f60
Event: 311.059 Thread 0x0000027c06ee71c0 DEOPT UNPACKING pc=0x0000027bb050469c sp=0x0000008b106f9ef8 mode 2

Classes loaded (20 events):
Event: 215.090 Loading class sun/security/ssl/PreSharedKeyExtension$CHPreSharedKeySpec
Event: 215.091 Loading class sun/security/ssl/PreSharedKeyExtension$CHPreSharedKeySpec done
Event: 215.091 Loading class sun/security/ssl/PreSharedKeyExtension$PartialClientHelloMessage
Event: 215.091 Loading class sun/security/ssl/PreSharedKeyExtension$PartialClientHelloMessage done
Event: 215.092 Loading class sun/security/ssl/SSLEngineOutputRecord
Event: 215.092 Loading class sun/security/ssl/SSLEngineOutputRecord done
Event: 215.097 Loading class sun/security/ssl/SSLEngineOutputRecord$HandshakeFragment
Event: 215.098 Loading class sun/security/ssl/SSLEngineOutputRecord$HandshakeFragment done
Event: 215.098 Loading class sun/security/ssl/SSLEngineOutputRecord$HandshakeMemo
Event: 215.098 Loading class sun/security/ssl/SSLEngineOutputRecord$RecordMemo
Event: 215.098 Loading class sun/security/ssl/SSLEngineOutputRecord$RecordMemo done
Event: 215.098 Loading class sun/security/ssl/SSLEngineOutputRecord$HandshakeMemo done
Event: 215.148 Loading class sun/security/ssl/PreSharedKeyExtension$SHPreSharedKeySpec
Event: 215.148 Loading class sun/security/ssl/PreSharedKeyExtension$SHPreSharedKeySpec done
Event: 311.060 Loading class java/util/concurrent/ConcurrentHashMap$EntrySpliterator
Event: 311.070 Loading class java/util/concurrent/ConcurrentHashMap$EntrySpliterator done
Event: 311.212 Loading class java/util/zip/Deflater
Event: 311.213 Loading class java/util/zip/Deflater done
Event: 311.217 Loading class java/util/zip/Deflater$DeflaterZStreamRef
Event: 311.217 Loading class java/util/zip/Deflater$DeflaterZStreamRef done

Classes unloaded (2 events):
Event: 28.191 Thread 0x0000027bbf3af060 Unloading class 0x0000027bc190c800 'jdk/internal/reflect/GeneratedSerializationConstructorAccessor1'
Event: 34.456 Thread 0x0000027bbf3af060 Unloading class 0x0000027bc19e4000 'jdk/internal/reflect/GeneratedSerializationConstructorAccessor2'

Classes redefined (0 events):
No events

Internal exceptions (20 events):
Event: 92.561 Thread 0x0000027c06ee36b0 Exception <a 'java/lang/NullPointerException'{0x0000000709aa2998}> (0x0000000709aa2998) 
thrown [s\open\src\hotspot\share\interpreter\linkResolver.cpp, line 1372]
Event: 92.561 Thread 0x0000027c06ee36b0 Exception <a 'java/lang/NullPointerException'{0x0000000709aa34b8}> (0x0000000709aa34b8) 
thrown [s\open\src\hotspot\share\interpreter\linkResolver.cpp, line 1372]
Event: 92.561 Thread 0x0000027c06ee36b0 Exception <a 'java/lang/NullPointerException'{0x0000000709aa3fd8}> (0x0000000709aa3fd8) 
thrown [s\open\src\hotspot\share\interpreter\linkResolver.cpp, line 1372]
Event: 92.563 Thread 0x0000027c06ee36b0 Exception <a 'java/io/FileNotFoundException'{0x0000000709ab6948}> (0x0000000709ab6948) 
thrown [s\open\src\hotspot\share\prims\jni.cpp, line 520]
Event: 92.612 Thread 0x0000027c06ee36b0 Implicit null exception at 0x0000027bb0d614a2 to 0x0000027bb0d617c0
Event: 92.973 Thread 0x0000027c06ee36b0 Implicit null exception at 0x0000027bb0d522a2 to 0x0000027bb0d525c0
Event: 93.697 Thread 0x0000027c06ee36b0 Exception <a 'java/io/FileNotFoundException'{0x0000000709576cb0}> (0x0000000709576cb0) 
thrown [s\open\src\hotspot\share\prims\jni.cpp, line 520]
Event: 93.698 Thread 0x0000027c06ee36b0 Exception <a 'java/io/FileNotFoundException'{0x00000007095811e0}> (0x00000007095811e0) 
thrown [s\open\src\hotspot\share\prims\jni.cpp, line 520]
Event: 118.960 Thread 0x0000027c06ee71c0 Exception <a 'java/lang/NoSuchMethodError'{0x000000070f5b80f8}: 'java.lang.Object java.lang.invoke.DirectMethodHandle$Holder.invokeStatic(java.lang.Object, int, int)'> (0x000000070f5b80f8) 
thrown [s\open\src\hotspot\share\interpreter\linkResolver.cpp, line 773]
Event: 119.008 Thread 0x0000027c06ee71c0 Implicit null exception at 0x0000027bb0d3742c to 0x0000027bb0d37a30
Event: 119.397 Thread 0x0000027c06ee71c0 Implicit null exception at 0x0000027bb0bd677d to 0x0000027bb0bd68fc
Event: 119.711 Thread 0x0000027c06ee64a0 Exception <a 'java/lang/IncompatibleClassChangeError'{0x00000007ffe3d258}: Found class java.lang.Object, but interface was expected> (0x00000007ffe3d258) 
thrown [s\open\src\hotspot\share\interpreter\linkResolver.cpp, line 840]
Event: 207.781 Thread 0x0000027c06ee3d40 Exception <a 'java/io/IOException'{0x000000070f99a410}> (0x000000070f99a410) 
thrown [s\open\src\hotspot\share\prims\jni.cpp, line 520]
Event: 210.208 Thread 0x0000027c06ee71c0 Exception <a 'java/lang/NoSuchMethodError'{0x000000070aa41b40}: 'double java.lang.invoke.DirectMethodHandle$Holder.invokeVirtual(java.lang.Object, java.lang.Object)'> (0x000000070aa41b40) 
thrown [s\open\src\hotspot\share\interpreter\linkResolver.cpp, line 773]
Event: 276.676 Thread 0x0000027c06ee0f50 Exception <a 'java/lang/NoSuchMethodError'{0x000000070a154530}: 'int java.lang.invoke.DirectMethodHandle$Holder.invokeStatic(java.lang.Object, java.lang.Object, int, java.lang.Object)'> (0x000000070a154530) 
thrown [s\open\src\hotspot\share\interpreter\linkResolver.cpp, line 773]
Event: 276.694 Thread 0x0000027c06ee0f50 Implicit null exception at 0x0000027bb0deaaef to 0x0000027bb0deb4a4
Event: 276.695 Thread 0x0000027c06ee0f50 Implicit null exception at 0x0000027bb0efb204 to 0x0000027bb0efbefc
Event: 308.984 Thread 0x0000027c06ee64a0 Implicit null exception at 0x0000027bb0dec6e1 to 0x0000027bb0ded1e0
Event: 310.705 Thread 0x0000027c06ee71c0 Implicit null exception at 0x0000027bb0e0359c to 0x0000027bb0e03ecc
Event: 311.297 Thread 0x0000027c06ee43d0 Exception <a 'java/io/IOException'{0x00000007092e5258}> (0x00000007092e5258) 
thrown [s\open\src\hotspot\share\prims\jni.cpp, line 520]

ZGC Phase Switch (0 events):
No events

VM Operations (20 events):
Event: 276.710 Executing VM operation: Cleanup
Event: 276.710 Executing VM operation: Cleanup done
Event: 280.744 Executing VM operation: Cleanup
Event: 280.744 Executing VM operation: Cleanup done
Event: 287.809 Executing VM operation: Cleanup
Event: 287.809 Executing VM operation: Cleanup done
Event: 288.813 Executing VM operation: Cleanup
Event: 288.813 Executing VM operation: Cleanup done
Event: 295.866 Executing VM operation: Cleanup
Event: 295.866 Executing VM operation: Cleanup done
Event: 300.506 Executing VM operation: HandshakeAllThreads (HandshakeForDeflation)
Event: 300.506 Executing VM operation: HandshakeAllThreads (HandshakeForDeflation) done
Event: 300.506 Executing VM operation: RendezvousGCThreads
Event: 300.506 Executing VM operation: RendezvousGCThreads done
Event: 309.565 Executing VM operation: Cleanup
Event: 309.566 Executing VM operation: Cleanup done
Event: 310.574 Executing VM operation: Cleanup
Event: 310.574 Executing VM operation: Cleanup done
Event: 311.575 Executing VM operation: Cleanup
Event: 311.575 Executing VM operation: Cleanup done

Events (20 events):
Event: 36.662 Thread 0x0000027c06ee6b30 Thread added: 0x0000027c06ee6b30
Event: 36.702 Thread 0x0000027c06ee7850 Thread added: 0x0000027c06ee7850
Event: 36.706 Thread 0x0000027c06ee50f0 Thread added: 0x0000027c06ee50f0
Event: 36.839 Thread 0x0000027c05acc010 Thread exited: 0x0000027c05acc010
Event: 36.847 Thread 0x0000027c056d55b0 Thread exited: 0x0000027c056d55b0
Event: 36.848 Thread 0x0000027b9e77e530 Thread exited: 0x0000027b9e77e530
Event: 36.849 Thread 0x0000027c06ee5780 Thread added: 0x0000027c06ee5780
Event: 37.146 Thread 0x0000027c059bfb60 Thread exited: 0x0000027c059bfb60
Event: 91.594 Thread 0x0000027c059c0fd0 Thread added: 0x0000027c059c0fd0
Event: 92.556 Thread 0x0000027c059c0fd0 Thread exited: 0x0000027c059c0fd0
Event: 92.986 Thread 0x0000027c059bfb60 Thread added: 0x0000027c059bfb60
Event: 93.760 Thread 0x0000027c059bfb60 Thread exited: 0x0000027c059bfb60
Event: 96.631 Thread 0x0000027c08e67070 Thread added: 0x0000027c08e67070
Event: 119.670 Thread 0x0000027c059bfb60 Thread added: 0x0000027c059bfb60
Event: 121.924 Thread 0x0000027c059bfb60 Thread exited: 0x0000027c059bfb60
Event: 287.548 Thread 0x0000027c059bfb60 Thread added: 0x0000027c059bfb60
Event: 287.718 Thread 0x0000027c059bfb60 Thread exited: 0x0000027c059bfb60
Event: 310.922 Thread 0x0000027c059bfb60 Thread added: 0x0000027c059bfb60
Event: 310.926 Thread 0x0000027c08e67d90 Thread added: 0x0000027c08e67d90
Event: 310.934 Thread 0x0000027c08e67700 Thread added: 0x0000027c08e67700


Dynamic libraries:
0x00007ff76d770000 - 0x00007ff76d780000 	C:\Program Files\Java\jdk-21\bin\java.exe
0x00007ff8512a0000 - 0x00007ff851506000 	C:\WINDOWS\SYSTEM32\ntdll.dll
0x00007ff84fe60000 - 0x00007ff84ff29000 	C:\WINDOWS\System32\KERNEL32.DLL
0x00007ff84ea60000 - 0x00007ff84ee2c000 	C:\WINDOWS\System32\KERNELBASE.dll
0x00007ff84e430000 - 0x00007ff84e57b000 	C:\WINDOWS\System32\ucrtbase.dll
0x00007ff847610000 - 0x00007ff847629000 	C:\Program Files\Java\jdk-21\bin\jli.dll
0x00007ff8503c0000 - 0x00007ff850472000 	C:\WINDOWS\System32\ADVAPI32.dll
0x00007ff83a2d0000 - 0x00007ff83a2eb000 	C:\Program Files\Java\jdk-21\bin\VCRUNTIME140.dll
0x00007ff84ff30000 - 0x00007ff84ffd9000 	C:\WINDOWS\System32\msvcrt.dll
0x00007ff84f920000 - 0x00007ff84f9c6000 	C:\WINDOWS\System32\sechost.dll
0x00007ff84f130000 - 0x00007ff84f246000 	C:\WINDOWS\System32\RPCRT4.dll
0x00007ff850100000 - 0x00007ff8502ca000 	C:\WINDOWS\System32\USER32.dll
0x00007ff84e580000 - 0x00007ff84e5a7000 	C:\WINDOWS\System32\win32u.dll
0x00007ff850c20000 - 0x00007ff850c4b000 	C:\WINDOWS\System32\GDI32.dll
0x00007ff84e6e0000 - 0x00007ff84e812000 	C:\WINDOWS\System32\gdi32full.dll
0x00007ff84ee30000 - 0x00007ff84eed3000 	C:\WINDOWS\System32\msvcp_win.dll
0x00007ff832a20000 - 0x00007ff832cba000 	C:\WINDOWS\WinSxS\amd64_microsoft.windows.common-controls_6595b64144ccf1df_6.0.26100.3912_none_3e07963ce335137e\COMCTL32.dll
0x00007ff846ab0000 - 0x00007ff846abb000 	C:\WINDOWS\SYSTEM32\VERSION.dll
0x00007ff84f070000 - 0x00007ff84f0a0000 	C:\WINDOWS\System32\IMM32.DLL
0x00007ff8486d0000 - 0x00007ff8486dc000 	C:\Program Files\Java\jdk-21\bin\vcruntime140_1.dll
0x00007ff825b10000 - 0x00007ff825b9e000 	C:\Program Files\Java\jdk-21\bin\msvcp140.dll
0x00007fffb72f0000 - 0x00007fffb800a000 	C:\Program Files\Java\jdk-21\bin\server\jvm.dll
0x00007ff84f0b0000 - 0x00007ff84f124000 	C:\WINDOWS\System32\WS2_32.dll
0x00007ff832cc0000 - 0x00007ff832cf6000 	C:\WINDOWS\SYSTEM32\WINMM.dll
0x00007ff84e280000 - 0x00007ff84e2de000 	C:\WINDOWS\SYSTEM32\POWRPROF.dll
0x00007ff84e260000 - 0x00007ff84e274000 	C:\WINDOWS\SYSTEM32\UMPDC.dll
0x00007ff84d1f0000 - 0x00007ff84d20a000 	C:\WINDOWS\SYSTEM32\kernel.appcore.dll
0x00007ff8476d0000 - 0x00007ff8476da000 	C:\Program Files\Java\jdk-21\bin\jimage.dll
0x00007ff84bb50000 - 0x00007ff84bd91000 	C:\WINDOWS\SYSTEM32\DBGHELP.DLL
0x00007ff850e50000 - 0x00007ff8511d4000 	C:\WINDOWS\System32\combase.dll
0x00007ff84f250000 - 0x00007ff84f330000 	C:\WINDOWS\System32\OLEAUT32.dll
0x00007ff831b70000 - 0x00007ff831ba9000 	C:\WINDOWS\SYSTEM32\dbgcore.DLL
0x00007ff84e640000 - 0x00007ff84e6d9000 	C:\WINDOWS\System32\bcryptPrimitives.dll
0x00007ff846fb0000 - 0x00007ff846fbf000 	C:\Program Files\Java\jdk-21\bin\instrument.dll
0x00007ff83a2b0000 - 0x00007ff83a2cf000 	C:\Program Files\Java\jdk-21\bin\java.dll
0x00007ff8504f0000 - 0x00007ff850c1d000 	C:\WINDOWS\System32\SHELL32.dll
0x00007ff84eee0000 - 0x00007ff84f054000 	C:\WINDOWS\System32\wintypes.dll
0x00007ff84c0e0000 - 0x00007ff84c936000 	C:\WINDOWS\SYSTEM32\windows.storage.dll
0x00007ff84fff0000 - 0x00007ff8500df000 	C:\WINDOWS\System32\SHCORE.dll
0x00007ff850480000 - 0x00007ff8504e9000 	C:\WINDOWS\System32\shlwapi.dll
0x00007ff84e340000 - 0x00007ff84e36f000 	C:\WINDOWS\SYSTEM32\profapi.dll
0x00007ff825a30000 - 0x00007ff825b07000 	C:\Program Files\Java\jdk-21\bin\jsvml.dll
0x00007ff832890000 - 0x00007ff8328a8000 	C:\Program Files\Java\jdk-21\bin\zip.dll
0x00007ff846f90000 - 0x00007ff846fa0000 	C:\Program Files\Java\jdk-21\bin\net.dll
0x00007ff847b70000 - 0x00007ff847c8e000 	C:\WINDOWS\SYSTEM32\WINHTTP.dll
0x00007ff84d760000 - 0x00007ff84d7ca000 	C:\WINDOWS\system32\mswsock.dll
0x00007ff839f30000 - 0x00007ff839f46000 	C:\Program Files\Java\jdk-21\bin\nio.dll
0x00007ff842960000 - 0x00007ff842969000 	C:\Program Files\Java\jdk-21\bin\extnet.dll
0x00007ff83a2a0000 - 0x00007ff83a2ae000 	C:\Program Files\Java\jdk-21\bin\sunmscapi.dll
0x00007ff84e820000 - 0x00007ff84e997000 	C:\WINDOWS\System32\CRYPT32.dll
0x00007ff84dc10000 - 0x00007ff84dc40000 	C:\WINDOWS\SYSTEM32\ncrypt.dll
0x00007ff84dbc0000 - 0x00007ff84dbff000 	C:\WINDOWS\SYSTEM32\NTASN1.dll
0x00007ff84da00000 - 0x00007ff84da1c000 	C:\WINDOWS\SYSTEM32\CRYPTSP.dll
0x00007ff84d150000 - 0x00007ff84d18a000 	C:\WINDOWS\system32\rsaenh.dll
0x00007ff84d800000 - 0x00007ff84d82b000 	C:\WINDOWS\SYSTEM32\USERENV.dll
0x00007ff84e310000 - 0x00007ff84e336000 	C:\WINDOWS\SYSTEM32\bcrypt.dll
0x00007ff84da20000 - 0x00007ff84da2c000 	C:\WINDOWS\SYSTEM32\CRYPTBASE.dll
0x00007ff84cc80000 - 0x00007ff84ccb3000 	C:\WINDOWS\SYSTEM32\IPHLPAPI.DLL
0x00007ff84f060000 - 0x00007ff84f06a000 	C:\WINDOWS\System32\NSI.dll
0x00007ff82e070000 - 0x00007ff82e07a000 	C:\Program Files\Java\jdk-21\bin\management.dll
0x00007ff82e060000 - 0x00007ff82e06b000 	C:\Program Files\Java\jdk-21\bin\management_ext.dll
0x00007ff8503b0000 - 0x00007ff8503b8000 	C:\WINDOWS\System32\PSAPI.DLL
0x00007ff82e050000 - 0x00007ff82e060000 	C:\Program Files\Java\jdk-21\bin\verify.dll
0x00007ff84cd20000 - 0x00007ff84ce47000 	C:\WINDOWS\SYSTEM32\DNSAPI.dll
0x00007ff835c60000 - 0x00007ff835c6b000 	C:\Windows\System32\rasadhlp.dll
0x00007ff847530000 - 0x00007ff8475b6000 	C:\WINDOWS\System32\fwpuclnt.dll
0x00007ff8481d0000 - 0x00007ff8481d8000 	C:\WINDOWS\system32\wshunix.dll
0x00007ff82cb70000 - 0x00007ff82cb88000 	C:\WINDOWS\system32\napinsp.dll
0x00007ff82b890000 - 0x00007ff82b8a2000 	C:\WINDOWS\System32\winrnr.dll
0x00007ff82b7f0000 - 0x00007ff82b820000 	C:\WINDOWS\system32\nlansp_c.dll
0x00007ff82b460000 - 0x00007ff82b480000 	C:\WINDOWS\system32\wshbth.dll

dbghelp: loaded successfully - version: 4.0.5 - missing functions: none
symbol engine: initialized successfully - sym options: 0x614 - pdb path: .;C:\Program Files\Java\jdk-21\bin;C:\WINDOWS\SYSTEM32;C:\WINDOWS\WinSxS\amd64_microsoft.windows.common-controls_6595b64144ccf1df_6.0.26100.3912_none_3e07963ce335137e;C:\Program Files\Java\jdk-21\bin\server

VM Arguments:
jvm_args: -javaagent:C:\Program Files\JetBrains\IntelliJ IDEA Community Edition 2024.3.5\lib\idea_rt.jar=55253 -Dfile.encoding=UTF-8 -Dsun.stdout.encoding=UTF-8 -Dsun.stderr.encoding=UTF-8 
java_command: com.serviciosyave.UsersBackendApplication
java_class_path (initial): C:\Users\USUARIO\Desktop\Servci\serviciosyave_backend\target\classes;C:\Users\USUARIO\.m2\repository\org\springframework\boot\spring-boot-starter-web\3.2.5\spring-boot-starter-web-3.2.5.jar;C:\Users\USUARIO\.m2\repository\org\springframework\boot\spring-boot-starter\3.2.5\spring-boot-starter-3.2.5.jar;C:\Users\USUARIO\.m2\repository\org\springframework\boot\spring-boot-starter-logging\3.2.5\spring-boot-starter-logging-3.2.5.jar;C:\Users\USUARIO\.m2\repository\ch\qos\logback\logback-classic\1.4.14\logback-classic-1.4.14.jar;C:\Users\USUARIO\.m2\repository\ch\qos\logback\logback-core\1.4.14\logback-core-1.4.14.jar;C:\Users\USUARIO\.m2\repository\org\apache\logging\log4j\log4j-to-slf4j\2.21.1\log4j-to-slf4j-2.21.1.jar;C:\Users\USUARIO\.m2\repository\org\apache\logging\log4j\log4j-api\2.21.1\log4j-api-2.21.1.jar;C:\Users\USUARIO\.m2\repository\org\slf4j\jul-to-slf4j\2.0.13\jul-to-slf4j-2.0.13.jar;C:\Users\USUARIO\.m2\repository\jakarta\annotation\jakarta.annotation-api\2.1.1\jakarta.annotation-api-2.1.1.jar;C:\Users\USUARIO\.m2\repository\org\yaml\snakeyaml\2.2\snakeyaml-2.2.jar;C:\Users\USUARIO\.m2\repository\org\springframework\boot\spring-boot-starter-json\3.2.5\spring-boot-starter-json-3.2.5.jar;C:\Users\USUARIO\.m2\repository\com\fasterxml\jackson\datatype\jackson-datatype-jdk8\2.15.4\jackson-datatype-jdk8-2.15.4.jar;C:\Users\USUARIO\.m2\repository\com\fasterxml\jackson\datatype\jackson-datatype-jsr310\2.15.4\jackson-datatype-jsr310-2.15.4.jar;C:\Users\USUARIO\.m2\repository\com\fasterxml\jackson\module\jackson-module-parameter-names\2.15.4\jackson-module-parameter-names-2.15.4.jar;C:\Users\USUARIO\.m2\repository\org\springframework\boot\spring-boot-starter-tomcat\3.2.5\spring-boot-starter-tomcat-3.2.5.jar;C:\Users\USUARIO\.m2\repository\org\apache\tomcat\embed\tomcat-embed-core\10.1.20\tomcat-embed-core-10.1.20.jar;C:\Users\USUARIO\.m2\repository\org\apache\tomcat\embed\tomcat-embed-websocket\10.1.20\tomcat-embed-websocket-10.1.20.jar;C:\Users\USUARIO\.m2\repository\org\springframework\spring-web\6.1.6\spring-web-6.1.6.jar;C:\Users\USUARIO\.m2\repository\org\springframework\spring-beans\6.1.6\spring-beans-6.1.6.jar;C:\Users\USUARIO\.m2\repository\io\micrometer\micrometer-observation\1.12.5\micrometer-observation-1.12.5.jar;C:\Users\USUARIO\.m2\repository\io\micrometer\micrometer-commons\1.12.5\micrometer-commons-1.12.5.jar;C:\Users\USUARIO\.m2\repository\org\springframework\spring-webmvc\6.1.6\spring-webmvc-6.1.6.jar;C:\Users\USUARIO\.m2\repository\org\springframework\spring-context\6.1.6\spring-context-6.1.6.jar;C:\Users\USUARIO\.m2\repository\org\springframework\spring-expression\6.1.6\spring-expression-6.1.6.jar;C:\Users\USUARIO\.m2\repository\org\springframework\boot\spring-boot-starter-data-jpa\3.2.5\spring-boot-starter-data-jpa-3.2.5.jar;C:\Users\USUARIO\.m2\repository\org\springframework\boot\spring-boot-starter-aop\3.2.5\spring-boot-starter-aop-3.2.5.jar;C:\Users\USUARIO\.m2\repository\org\aspectj\aspectjweaver\1.9.22\aspectjweaver-1.9.22.jar;C:\Users\USUARIO\.m2\repository\org\springframework\boot\spring-boot-starter-jdbc\3.2.5\spring-boot-starter-jdbc-3.2.5.jar;C:\Users\USUARIO\.m2\repository\com\zaxxer\HikariCP\5.0.1\HikariCP-5.0.1.jar;C:\Users\USUARIO\.m2\repository\org\springframework\spring-jdbc\6.1.6\spring-jdbc-6.1.6.jar;C:\Users\USUARIO\.m2\repository\org\hibernate\orm\hibernate-core\6.4.4.Final\hibernate-core-6.4.4.Final.jar;C:\Users\USUARIO\.m2\repository\jakarta\persistence\jakarta.persistence-api\3.1.0\jakarta.persistence-api-3.1.0.jar;C:\Users\USUARIO\.m2\repository\jakarta\transaction\jakarta.transaction-api\2.0.1\jakarta.transaction-api-2.0.1.jar;C:\Users\USUARIO\.m2\repository\org\jboss\logging\jboss-logging\3.5.3.Final\jboss-logging-3.5.3.Final.jar;C:\Users\USUARIO\.m2\repository\org\hibernate\common\hibernate-commons-annotations\6.0.6.Final\hibernate-commons-annotations-6.0.6.Final.jar;C:\Users\USUARIO\.m2\repository\io\smallrye\jandex\3.1.2\jandex-3.1.2.jar;C:\Users\USUARIO\.m2\repository\com\fasterxml\classmate\1.6.0\classmate-1.6.0.jar;C:\Users\USUARIO\.m2\repository\net\bytebuddy\byte-buddy\1.14.13\byte-buddy-1.14.13.jar;C:\Users\USUARIO\.m2\repository\org\glassfish\jaxb\jaxb-runtime\4.0.5\jaxb-runtime-4.0.5.jar;C:\Users\USUARIO\.m2\repository\org\glassfish\jaxb\jaxb-core\4.0.5\jaxb-core-4.0.5.jar;C:\Users\USUARIO\.m2\repository\org\glassfish\jaxb\txw2\4.0.5\txw2-4.0.5.jar;C:\Users\USUARIO\.m2\repository\com\sun\istack\istack-commons-runtime\4.1.2\istack-commons-runtime-4.1.2.jar;C:\Users\USUARIO\.m2\repository\jakarta\inject\jakarta.inject-api\2.0.1\jakarta.inject-api-2.0.1.jar;C:\Users\USUARIO\.m2\repository\org\antlr\antlr4-runtime\4.13.0\antlr4-runtime-4.13.0.jar;C:\Users\USUARIO\.m2\repository\org\springframework\data\spring-data-jpa\3.2.5\spring-data-jpa-3.2.5.jar;C:\Users\USUARIO\.m2\repository\org\springframework\data\spring-data-commons\3.2.5\spring-data-commons-3.2.5.jar;C:\Users\USUARIO\.m2\repository\org\springframework\spring-orm\6.1.6\spring-orm-6.1.6.jar;C:\Users\USUARIO\.m2\repository\org\springframework\spring-tx\6.1.6\spring-tx-6.1.6.jar;C:\Users\USUARIO\.m2\repository\org\springframework\spring-aspects\6.1.6\spring-aspects-6.1.6.jar;C:\Users\USUARIO\.m2\repository\com\mysql\mysql-connector-j\8.3.0\mysql-connector-j-8.3.0.jar;C:\Users\USUARIO\.m2\repository\jakarta\xml\bind\jakarta.xml.bind-api\4.0.2\jakarta.xml.bind-api-4.0.2.jar;C:\Users\USUARIO\.m2\repository\jakarta\activation\jakarta.activation-api\2.1.3\jakarta.activation-api-2.1.3.jar;C:\Users\USUARIO\.m2\repository\org\springframework\spring-core\6.1.6\spring-core-6.1.6.jar;C:\Users\USUARIO\.m2\repository\org\springframework\spring-jcl\6.1.6\spring-jcl-6.1.6.jar;C:\Users\USUARIO\.m2\repository\org\springframework\boot\spring-boot-devtools\3.2.5\spring-boot-devtools-3.2.5.jar;C:\Users\USUARIO\.m2\repository\org\springframework\boot\spring-boot\3.2.5\spring-boot-3.2.5.jar;C:\Users\USUARIO\.m2\repository\org\springframework\boot\spring-boot-autoconfigure\3.2.5\spring-boot-autoconfigure-3.2.5.jar;C:\Users\USUARIO\.m2\repository\org\projectlombok\lombok\1.18.32\lombok-1.18.32.jar;C:\Users\USUARIO\.m2\repository\org\springframework\boot\spring-boot-starter-security\3.2.5\spring-boot-starter-security-3.2.5.jar;C:\Users\USUARIO\.m2\repository\org\springframework\spring-aop\6.1.6\spring-aop-6.1.6.jar;C:\Users\USUARIO\.m2\repository\org\springframework\security\spring-security-config\6.2.4\spring-security-config-6.2.4.jar;C:\Users\USUARIO\.m2\repository\org\springframework\security\spring-security-core\6.2.4\spring-security-core-6.2.4.jar;C:\Users\USUARIO\.m2\repository\org\springframework\security\spring-security-crypto\6.2.4\spring-security-crypto-6.2.4.jar;C:\Users\USUARIO\.m2\repository\org\springframework\security\spring-security-web\6.2.4\spring-security-web-6.2.4.jar;C:\Users\USUARIO\.m2\repository\org\springframework\boot\spring-boot-starter-validation\3.2.5\spring-boot-starter-validation-3.2.5.jar;C:\Users\USUARIO\.m2\repository\org\apache\tomcat\embed\tomcat-embed-el\10.1.20\tomcat-embed-el-10.1.20.jar;C:\Users\USUARIO\.m2\repository\org\hibernate\validator\hibernate-validator\8.0.1.Final\hibernate-validator-8.0.1.Final.jar;C:\Users\USUARIO\.m2\repository\jakarta\validation\jakarta.validation-api\3.0.2\jakarta.validation-api-3.0.2.jar;C:\Users\USUARIO\.m2\repository\io\jsonwebtoken\jjwt-api\0.12.5\jjwt-api-0.12.5.jar;C:\Users\USUARIO\.m2\repository\io\jsonwebtoken\jjwt-impl\0.12.5\jjwt-impl-0.12.5.jar;C:\Users\USUARIO\.m2\repository\io\jsonwebtoken\jjwt-jackson\0.12.5\jjwt-jackson-0.12.5.jar;C:\Users\USUARIO\.m2\repository\com\fasterxml\jackson\core\jackson-databind\2.15.4\jackson-databind-2.15.4.jar;C:\Users\USUARIO\.m2\repository\com\fasterxml\jackson\core\jackson-annotations\2.15.4\jackson-annotations-2.15.4.jar;C:\Users\USUARIO\.m2\repository\org\springframework\boot\spring-boot-starter-mail\3.2.5\spring-boot-starter-mail-3.2.5.jar;C:\Users\USUARIO\.m2\repository\org\springframework\spring-context-support\6.1.6\spring-context-support-6.1.6.jar;C:\Users\USUARIO\.m2\repository\org\eclipse\angus\jakarta.mail\2.0.3\jakarta.mail-2.0.3.jar;C:\Users\USUARIO\.m2\repository\org\eclipse\angus\angus-activation\2.0.2\angus-activation-2.0.2.jar;C:\Users\USUARIO\.m2\repository\org\jsoup\jsoup\1.14.3\jsoup-1.14.3.jar;C:\Users\USUARIO\.m2\repository\org\springframework\boot\spring-boot-starter-websocket\3.2.5\spring-boot-starter-websocket-3.2.5.jar;C:\Users\USUARIO\.m2\repository\org\springframework\spring-messaging\6.1.6\spring-messaging-6.1.6.jar;C:\Users\USUARIO\.m2\repository\org\springframework\spring-websocket\6.1.6\spring-websocket-6.1.6.jar;C:\Users\USUARIO\.m2\repository\org\webjars\webjars-locator-core\0.55\webjars-locator-core-0.55.jar;C:\Users\USUARIO\.m2\repository\org\slf4j\slf4j-api\2.0.13\slf4j-api-2.0.13.jar;C:\Users\USUARIO\.m2\repository\io\github\classgraph\classgraph\4.8.149\classgraph-4.8.149.jar;C:\Users\USUARIO\.m2\repository\com\fasterxml\jackson\core\jackson-core\2.15.4\jackson-core-2.15.4.jar;C:\Users\USUARIO\.m2\repository\org\webjars\sockjs-client\1.0.2\sockjs-client-1.0.2.jar;C:\Users\USUARIO\.m2\repository\org\webjars\stomp-websocket\2.3.3\stomp-websocket-2.3.3.jar;C:\Users\USUARIO\.m2\repository\org\json\json\20210307\json-20210307.jar
Launcher Type: SUN_STANDARD

[Global flags]
     intx CICompilerCount                          = 3                                         {product} {ergonomic}
     uint ConcGCThreads                            = 1                                         {product} {ergonomic}
     uint G1ConcRefinementThreads                  = 4                                         {product} {ergonomic}
   size_t G1HeapRegionSize                         = 2097152                                   {product} {ergonomic}
    uintx GCDrainStackTargetSize                   = 64                                        {product} {ergonomic}
   size_t InitialHeapSize                          = 266338304                                 {product} {ergonomic}
   size_t MarkStackSize                            = 4194304                                   {product} {ergonomic}
   size_t MaxHeapSize                              = 4246732800                                {product} {ergonomic}
   size_t MaxNewSize                               = 2548039680                                {product} {ergonomic}
   size_t MinHeapDeltaBytes                        = 2097152                                   {product} {ergonomic}
   size_t MinHeapSize                              = 8388608                                   {product} {ergonomic}
    uintx NonNMethodCodeHeapSize                   = 5832780                                {pd product} {ergonomic}
    uintx NonProfiledCodeHeapSize                  = 122912730                              {pd product} {ergonomic}
    uintx ProfiledCodeHeapSize                     = 122912730                              {pd product} {ergonomic}
    uintx ReservedCodeCacheSize                    = 251658240                              {pd product} {ergonomic}
     bool SegmentedCodeCache                       = true                                      {product} {ergonomic}
   size_t SoftMaxHeapSize                          = 4246732800                             {manageable} {ergonomic}
     bool UseCompressedOops                        = true                           {product lp64_product} {ergonomic}
     bool UseG1GC                                  = true                                      {product} {ergonomic}
     bool UseLargePagesIndividualAllocation        = false                                  {pd product} {ergonomic}

Logging:
Log output configuration:
 #0: stdout all=warning uptime,level,tags foldmultilines=false
 #1: stderr all=off uptime,level,tags foldmultilines=false

Environment Variables:
PATH=C:\Program Files\Common Files\Oracle\Java\javapath;C:\Program Files (x86)\Common Files\Oracle\Java\java8path;C:\Program Files (x86)\Common Files\Oracle\Java\javapath;C:\WINDOWS\system32;C:\WINDOWS;C:\WINDOWS\System32\Wbem;C:\WINDOWS\System32\WindowsPowerShell\v1.0\;C:\WINDOWS\System32\OpenSSH\;C:\Program Files\Git\cmd;C:\Users\USUARIO\AppData\Roaming\nvm;C:\Program Files\nodejs;C:\Program Files\nodejs\;C:\Users\USUARIO\AppData\Local\Microsoft\WindowsApps;C:\Users\USUARIO\AppData\Local\Programs\Microsoft VS Code\bin;C:\Program Files\JetBrains\IntelliJ IDEA Community Edition 2023.3.4\bin;C:\Program Files\JetBrains\IntelliJ IDEA 2024.3.3\bin;C:\Users\USUARIO\.lmstudio\bin;C:\Users\USUARIO\AppData\Roaming\nvm;C:\Program Files\nodejs;C:\Users\USUARIO\AppData\Roaming\npm;C:\Program Files\JetBrains\IntelliJ IDEA Community Edition 2024.3.5\bin;
USERNAME=USUARIO
OS=Windows_NT
PROCESSOR_IDENTIFIER=Intel64 Family 6 Model 122 Stepping 8, GenuineIntel
TMP=C:\Users\USUARIO\AppData\Local\Temp
TEMP=C:\Users\USUARIO\AppData\Local\Temp




Periodic native trim disabled

---------------  S Y S T E M  ---------------

OS:
 Windows 11 , 64 bit Build 26100 (10.0.26100.3912)
OS uptime: 1 days 6:58 hours

CPU: total 4 (initial active 4) (4 cores per cpu, 1 threads per core) family 6 model 122 stepping 8 microcode 0x22, cx8, cmov, fxsr, mmx, 3dnowpref, sse, sse2, sse3, ssse3, sse4.1, sse4.2, popcnt, tsc, tscinvbit, aes, erms, clmul, sha, clflush, clflushopt, rdtscp, rdpid
Processor Information for all 4 processors :
  Max Mhz: 1101, Current Mhz: 1101, Mhz Limit: 1101

Memory: 4k page, system-wide physical 16199M (4466M free)
TotalPageFile size 16199M (AvailPageFile size 5M)
current process WorkingSet (physical memory assigned to process): 383M, peak: 383M
current process commit charge ("private bytes"): 421M, peak: 421M

vm_info: Java HotSpot(TM) 64-Bit Server VM (21.0.6+8-LTS-188) for windows-amd64 JRE (21.0.6+8-LTS-188), built on 2024-12-03T10:50:54Z by "mach5one" with MS VC++ 17.6 (VS2022)

END.
