#
# There is insufficient memory for the Java Runtime Environment to continue.
# Native memory allocation (mmap) failed to map 536870912 bytes for G1 virtual space
# Possible reasons:
#   The system is out of physical RAM or swap space
#   The process is running with CompressedOops enabled, and the Java Heap may be blocking the growth of the native heap
# Possible solutions:
#   Reduce memory load on the system
#   Increase physical memory or swap space
#   Check if swap backing store is full
#   Decrease Java heap size (-Xmx/-Xms)
#   Decrease number of Java threads
#   Decrease Java thread stack sizes (-Xss)
#   Set larger code cache with -XX:ReservedCodeCacheSize=
#   JVM is running with Unscaled Compressed Oops mode in which the Java heap is
#     placed in the first 4GB address space. The Java Heap base address is the
#     maximum limit for the native heap growth. Please use -XX:HeapBaseMinAddress
#     to set the Java Heap base and to place the Java Heap above 4GB virtual address.
# This output file may be truncated or incomplete.
#
#  Out of Memory Error (os_windows.cpp:3603), pid=15812, tid=17156
#
# JRE version:  (21.0.6+8) (build )
# Java VM: Java HotSpot(TM) 64-Bit Server VM (21.0.6+8-LTS-188, mixed mode, sharing, tiered, compressed oops, compressed class ptrs, g1 gc, windows-amd64)
# No core dump will be written. Minidumps are not enabled by default on client versions of Windows
#

---------------  S U M M A R Y ------------

Command Line: -Xms512m -Xmx2048m -XX:MaxMetaspaceSize=512m -javaagent:C:\Program Files\JetBrains\IntelliJ IDEA Community Edition 2024.3.5\lib\idea_rt.jar=64020 -Dfile.encoding=UTF-8 -Dsun.stdout.encoding=UTF-8 -Dsun.stderr.encoding=UTF-8 com.serviciosyave.UsersBackendApplication

Host: Intel(R) Celeron(R) N4120 CPU @ 1.10GHz, 4 cores, 15G,  Windows 11 , 64 bit Build 26100 (10.0.26100.3912)
Time: Sun May 18 16:02:21 2025 Hora estándar de Venezuela elapsed time: 0.572775 seconds (0d 0h 0m 0s)

---------------  T H R E A D  ---------------

Current thread (0x000001fd27d5f6b0):  JavaThread "Unknown thread" [_thread_in_vm, id=17156, stack(0x00000049ae600000,0x00000049ae700000) (1024K)]

Stack: [0x00000049ae600000,0x00000049ae700000]
Native frames: (J=compiled Java code, j=interpreted, Vv=VM code, C=native code)
V  [jvm.dll+0x6ca6d9]
V  [jvm.dll+0x854f51]
V  [jvm.dll+0x85747e]
V  [jvm.dll+0x857b53]
V  [jvm.dll+0x27dcc6]
V  [jvm.dll+0x6c6e55]
V  [jvm.dll+0x6bb9da]
V  [jvm.dll+0x35393a]
V  [jvm.dll+0x35b596]
V  [jvm.dll+0x3adefe]
V  [jvm.dll+0x3ae1a8]
V  [jvm.dll+0x327cbc]
V  [jvm.dll+0x32881b]
V  [jvm.dll+0x81e309]
V  [jvm.dll+0x3babe1]
V  [jvm.dll+0x807658]
V  [jvm.dll+0x44fdae]
V  [jvm.dll+0x4519a1]
C  [jli.dll+0x52a3]
C  [ucrtbase.dll+0x37b0]
C  [KERNEL32.DLL+0x2e8d7]
C  [ntdll.dll+0x9c5dc]


---------------  P R O C E S S  ---------------

Threads class SMR info:
_java_thread_list=0x00007fffcacfcc08, length=0, elements={
}

Java Threads: ( => current thread )
Total: 0

Other Threads:
  0x000001fd2a07c450 WorkerThread "GC Thread#0"                     [id=8864, stack(0x00000049ae700000,0x00000049ae800000) (1024K)]
  0x000001fd2a08dc40 ConcurrentGCThread "G1 Main Marker"            [id=16752, stack(0x00000049ae800000,0x00000049ae900000) (1024K)]
  0x000001fd2a08e740 WorkerThread "G1 Conc#0"                       [id=14568, stack(0x00000049ae900000,0x00000049aea00000) (1024K)]

[error occurred during error reporting (printing all threads), id 0xc0000005, EXCEPTION_ACCESS_VIOLATION (0xc0000005) at pc=0x00007fffca46a427]
VM state: not at safepoint (not fully initialized)

VM Mutex/Monitor currently owned by a thread:  ([mutex/lock_event])
[0x00007fffcad6df98] Heap_lock - owner thread: 0x000001fd27d5f6b0

Heap address: 0x0000000080000000, size: 2048 MB, Compressed Oops mode: 32-bit

CDS archive(s) mapped at: [0x0000000000000000-0x0000000000000000-0x0000000000000000), size 0, SharedBaseAddress: 0x0000000800000000, ArchiveRelocationMode: 1.
Narrow klass base: 0x0000000000000000, Narrow klass shift: 0, Narrow klass range: 0x0

GC Precious Log:
 CardTable entry size: 512
 Card Set container configuration: InlinePtr #cards 5 size 8 Array Of Cards #cards 12 size 40 Howl #buckets 4 coarsen threshold 1843 Howl Bitmap #cards 512 size 80 coarsen threshold 460 Card regions per heap region 1 cards per card region 2048

Heap:
 garbage-first heap   total 0K, used 0K [0x0000000080000000, 0x0000000100000000)
  region size 1024K, 0 young (0K), 0 survivors (0K)

[error occurred during error reporting (printing heap information), id 0xc0000005, EXCEPTION_ACCESS_VIOLATION (0xc0000005) at pc=0x00007fffca8536a9]
GC Heap History (0 events):
No events

Dll operation events (1 events):
Event: 0.082 Loaded shared library C:\Program Files\Java\jdk-21\bin\java.dll

Deoptimization events (0 events):
No events

Classes loaded (0 events):
No events

Classes unloaded (0 events):
No events

Classes redefined (0 events):
No events

Internal exceptions (0 events):
No events

ZGC Phase Switch (0 events):
No events

VM Operations (0 events):
No events

Events (0 events):
No events


Dynamic libraries:
0x00007ff76d770000 - 0x00007ff76d780000 	C:\Program Files\Java\jdk-21\bin\java.exe
0x00007ff8512a0000 - 0x00007ff851506000 	C:\WINDOWS\SYSTEM32\ntdll.dll
0x00007ff84fe60000 - 0x00007ff84ff29000 	C:\WINDOWS\System32\KERNEL32.DLL
0x00007ff84ea60000 - 0x00007ff84ee2c000 	C:\WINDOWS\System32\KERNELBASE.dll
0x00007ff84e430000 - 0x00007ff84e57b000 	C:\WINDOWS\System32\ucrtbase.dll
0x00007ff846af0000 - 0x00007ff846b0b000 	C:\Program Files\Java\jdk-21\bin\VCRUNTIME140.dll
0x00007ff842bb0000 - 0x00007ff842bc9000 	C:\Program Files\Java\jdk-21\bin\jli.dll
0x00007ff8503c0000 - 0x00007ff850472000 	C:\WINDOWS\System32\ADVAPI32.dll
0x00007ff84ff30000 - 0x00007ff84ffd9000 	C:\WINDOWS\System32\msvcrt.dll
0x00007ff84f920000 - 0x00007ff84f9c6000 	C:\WINDOWS\System32\sechost.dll
0x00007ff84f130000 - 0x00007ff84f246000 	C:\WINDOWS\System32\RPCRT4.dll
0x00007ff850100000 - 0x00007ff8502ca000 	C:\WINDOWS\System32\USER32.dll
0x00007ff832a20000 - 0x00007ff832cba000 	C:\WINDOWS\WinSxS\amd64_microsoft.windows.common-controls_6595b64144ccf1df_6.0.26100.3912_none_3e07963ce335137e\COMCTL32.dll
0x00007ff850c20000 - 0x00007ff850c4b000 	C:\WINDOWS\System32\GDI32.dll
0x00007ff84e580000 - 0x00007ff84e5a7000 	C:\WINDOWS\System32\win32u.dll
0x00007ff84e6e0000 - 0x00007ff84e812000 	C:\WINDOWS\System32\gdi32full.dll
0x00007ff84ee30000 - 0x00007ff84eed3000 	C:\WINDOWS\System32\msvcp_win.dll
0x00007ff846ab0000 - 0x00007ff846abb000 	C:\WINDOWS\SYSTEM32\VERSION.dll
0x00007ff84f070000 - 0x00007ff84f0a0000 	C:\WINDOWS\System32\IMM32.DLL
0x00007ff847610000 - 0x00007ff84761c000 	C:\Program Files\Java\jdk-21\bin\vcruntime140_1.dll
0x00007ff82cd50000 - 0x00007ff82cdde000 	C:\Program Files\Java\jdk-21\bin\msvcp140.dll
0x00007fffca130000 - 0x00007fffcae4a000 	C:\Program Files\Java\jdk-21\bin\server\jvm.dll
0x00007ff84f0b0000 - 0x00007ff84f124000 	C:\WINDOWS\System32\WS2_32.dll
0x00007ff84e280000 - 0x00007ff84e2de000 	C:\WINDOWS\SYSTEM32\POWRPROF.dll
0x00007ff832cc0000 - 0x00007ff832cf6000 	C:\WINDOWS\SYSTEM32\WINMM.dll
0x00007ff84e260000 - 0x00007ff84e274000 	C:\WINDOWS\SYSTEM32\UMPDC.dll
0x00007ff84d1f0000 - 0x00007ff84d20a000 	C:\WINDOWS\SYSTEM32\kernel.appcore.dll
0x00007ff846b30000 - 0x00007ff846b3a000 	C:\Program Files\Java\jdk-21\bin\jimage.dll
0x00007ff84bb50000 - 0x00007ff84bd91000 	C:\WINDOWS\SYSTEM32\DBGHELP.DLL
0x00007ff850e50000 - 0x00007ff8511d4000 	C:\WINDOWS\System32\combase.dll
0x00007ff84f250000 - 0x00007ff84f330000 	C:\WINDOWS\System32\OLEAUT32.dll
0x00007ff831b70000 - 0x00007ff831ba9000 	C:\WINDOWS\SYSTEM32\dbgcore.DLL
0x00007ff84e640000 - 0x00007ff84e6d9000 	C:\WINDOWS\System32\bcryptPrimitives.dll
0x00007ff842ba0000 - 0x00007ff842baf000 	C:\Program Files\Java\jdk-21\bin\instrument.dll
0x00007ff83a1a0000 - 0x00007ff83a1bf000 	C:\Program Files\Java\jdk-21\bin\java.dll

dbghelp: loaded successfully - version: 4.0.5 - missing functions: none
symbol engine: initialized successfully - sym options: 0x614 - pdb path: .;C:\Program Files\Java\jdk-21\bin;C:\WINDOWS\SYSTEM32;C:\WINDOWS\WinSxS\amd64_microsoft.windows.common-controls_6595b64144ccf1df_6.0.26100.3912_none_3e07963ce335137e;C:\Program Files\Java\jdk-21\bin\server

VM Arguments:
jvm_args: -Xms512m -Xmx2048m -XX:MaxMetaspaceSize=512m -javaagent:C:\Program Files\JetBrains\IntelliJ IDEA Community Edition 2024.3.5\lib\idea_rt.jar=64020 -Dfile.encoding=UTF-8 -Dsun.stdout.encoding=UTF-8 -Dsun.stderr.encoding=UTF-8 
java_command: com.serviciosyave.UsersBackendApplication
java_class_path (initial): C:\Users\USUARIO\Desktop\Servci\serviciosyave_backend\target\classes;C:\Users\USUARIO\.m2\repository\org\springframework\boot\spring-boot-starter-web\3.2.5\spring-boot-starter-web-3.2.5.jar;C:\Users\USUARIO\.m2\repository\org\springframework\boot\spring-boot-starter\3.2.5\spring-boot-starter-3.2.5.jar;C:\Users\USUARIO\.m2\repository\org\springframework\boot\spring-boot-starter-logging\3.2.5\spring-boot-starter-logging-3.2.5.jar;C:\Users\USUARIO\.m2\repository\ch\qos\logback\logback-classic\1.4.14\logback-classic-1.4.14.jar;C:\Users\USUARIO\.m2\repository\ch\qos\logback\logback-core\1.4.14\logback-core-1.4.14.jar;C:\Users\USUARIO\.m2\repository\org\apache\logging\log4j\log4j-to-slf4j\2.21.1\log4j-to-slf4j-2.21.1.jar;C:\Users\USUARIO\.m2\repository\org\apache\logging\log4j\log4j-api\2.21.1\log4j-api-2.21.1.jar;C:\Users\USUARIO\.m2\repository\org\slf4j\jul-to-slf4j\2.0.13\jul-to-slf4j-2.0.13.jar;C:\Users\USUARIO\.m2\repository\jakarta\annotation\jakarta.annotation-api\2.1.1\jakarta.annotation-api-2.1.1.jar;C:\Users\USUARIO\.m2\repository\org\yaml\snakeyaml\2.2\snakeyaml-2.2.jar;C:\Users\USUARIO\.m2\repository\org\springframework\boot\spring-boot-starter-json\3.2.5\spring-boot-starter-json-3.2.5.jar;C:\Users\USUARIO\.m2\repository\com\fasterxml\jackson\datatype\jackson-datatype-jdk8\2.15.4\jackson-datatype-jdk8-2.15.4.jar;C:\Users\USUARIO\.m2\repository\com\fasterxml\jackson\datatype\jackson-datatype-jsr310\2.15.4\jackson-datatype-jsr310-2.15.4.jar;C:\Users\USUARIO\.m2\repository\com\fasterxml\jackson\module\jackson-module-parameter-names\2.15.4\jackson-module-parameter-names-2.15.4.jar;C:\Users\USUARIO\.m2\repository\org\springframework\boot\spring-boot-starter-tomcat\3.2.5\spring-boot-starter-tomcat-3.2.5.jar;C:\Users\USUARIO\.m2\repository\org\apache\tomcat\embed\tomcat-embed-core\10.1.20\tomcat-embed-core-10.1.20.jar;C:\Users\USUARIO\.m2\repository\org\apache\tomcat\embed\tomcat-embed-websocket\10.1.20\tomcat-embed-websocket-10.1.20.jar;C:\Users\USUARIO\.m2\repository\org\springframework\spring-web\6.1.6\spring-web-6.1.6.jar;C:\Users\USUARIO\.m2\repository\org\springframework\spring-beans\6.1.6\spring-beans-6.1.6.jar;C:\Users\USUARIO\.m2\repository\io\micrometer\micrometer-observation\1.12.5\micrometer-observation-1.12.5.jar;C:\Users\USUARIO\.m2\repository\io\micrometer\micrometer-commons\1.12.5\micrometer-commons-1.12.5.jar;C:\Users\USUARIO\.m2\repository\org\springframework\spring-webmvc\6.1.6\spring-webmvc-6.1.6.jar;C:\Users\USUARIO\.m2\repository\org\springframework\spring-context\6.1.6\spring-context-6.1.6.jar;C:\Users\USUARIO\.m2\repository\org\springframework\spring-expression\6.1.6\spring-expression-6.1.6.jar;C:\Users\USUARIO\.m2\repository\org\springframework\boot\spring-boot-starter-data-jpa\3.2.5\spring-boot-starter-data-jpa-3.2.5.jar;C:\Users\USUARIO\.m2\repository\org\springframework\boot\spring-boot-starter-aop\3.2.5\spring-boot-starter-aop-3.2.5.jar;C:\Users\USUARIO\.m2\repository\org\aspectj\aspectjweaver\1.9.22\aspectjweaver-1.9.22.jar;C:\Users\USUARIO\.m2\repository\org\springframework\boot\spring-boot-starter-jdbc\3.2.5\spring-boot-starter-jdbc-3.2.5.jar;C:\Users\USUARIO\.m2\repository\com\zaxxer\HikariCP\5.0.1\HikariCP-5.0.1.jar;C:\Users\USUARIO\.m2\repository\org\springframework\spring-jdbc\6.1.6\spring-jdbc-6.1.6.jar;C:\Users\USUARIO\.m2\repository\org\hibernate\orm\hibernate-core\6.4.4.Final\hibernate-core-6.4.4.Final.jar;C:\Users\USUARIO\.m2\repository\jakarta\persistence\jakarta.persistence-api\3.1.0\jakarta.persistence-api-3.1.0.jar;C:\Users\USUARIO\.m2\repository\jakarta\transaction\jakarta.transaction-api\2.0.1\jakarta.transaction-api-2.0.1.jar;C:\Users\USUARIO\.m2\repository\org\jboss\logging\jboss-logging\3.5.3.Final\jboss-logging-3.5.3.Final.jar;C:\Users\USUARIO\.m2\repository\org\hibernate\common\hibernate-commons-annotations\6.0.6.Final\hibernate-commons-annotations-6.0.6.Final.jar;C:\Users\USUARIO\.m2\repository\io\smallrye\jandex\3.1.2\jandex-3.1.2.jar;C:\Users\USUARIO\.m2\repository\com\fasterxml\classmate\1.6.0\classmate-1.6.0.jar;C:\Users\USUARIO\.m2\repository\net\bytebuddy\byte-buddy\1.14.13\byte-buddy-1.14.13.jar;C:\Users\USUARIO\.m2\repository\org\glassfish\jaxb\jaxb-runtime\4.0.5\jaxb-runtime-4.0.5.jar;C:\Users\USUARIO\.m2\repository\org\glassfish\jaxb\jaxb-core\4.0.5\jaxb-core-4.0.5.jar;C:\Users\USUARIO\.m2\repository\org\glassfish\jaxb\txw2\4.0.5\txw2-4.0.5.jar;C:\Users\USUARIO\.m2\repository\com\sun\istack\istack-commons-runtime\4.1.2\istack-commons-runtime-4.1.2.jar;C:\Users\USUARIO\.m2\repository\jakarta\inject\jakarta.inject-api\2.0.1\jakarta.inject-api-2.0.1.jar;C:\Users\USUARIO\.m2\repository\org\antlr\antlr4-runtime\4.13.0\antlr4-runtime-4.13.0.jar;C:\Users\USUARIO\.m2\repository\org\springframework\data\spring-data-jpa\3.2.5\spring-data-jpa-3.2.5.jar;C:\Users\USUARIO\.m2\repository\org\springframework\data\spring-data-commons\3.2.5\spring-data-commons-3.2.5.jar;C:\Users\USUARIO\.m2\repository\org\springframework\spring-orm\6.1.6\spring-orm-6.1.6.jar;C:\Users\USUARIO\.m2\repository\org\springframework\spring-tx\6.1.6\spring-tx-6.1.6.jar;C:\Users\USUARIO\.m2\repository\org\springframework\spring-aspects\6.1.6\spring-aspects-6.1.6.jar;C:\Users\USUARIO\.m2\repository\com\mysql\mysql-connector-j\8.3.0\mysql-connector-j-8.3.0.jar;C:\Users\USUARIO\.m2\repository\jakarta\xml\bind\jakarta.xml.bind-api\4.0.2\jakarta.xml.bind-api-4.0.2.jar;C:\Users\USUARIO\.m2\repository\jakarta\activation\jakarta.activation-api\2.1.3\jakarta.activation-api-2.1.3.jar;C:\Users\USUARIO\.m2\repository\org\springframework\spring-core\6.1.6\spring-core-6.1.6.jar;C:\Users\USUARIO\.m2\repository\org\springframework\spring-jcl\6.1.6\spring-jcl-6.1.6.jar;C:\Users\USUARIO\.m2\repository\org\springframework\boot\spring-boot-devtools\3.2.5\spring-boot-devtools-3.2.5.jar;C:\Users\USUARIO\.m2\repository\org\springframework\boot\spring-boot\3.2.5\spring-boot-3.2.5.jar;C:\Users\USUARIO\.m2\repository\org\springframework\boot\spring-boot-autoconfigure\3.2.5\spring-boot-autoconfigure-3.2.5.jar;C:\Users\USUARIO\.m2\repository\org\projectlombok\lombok\1.18.32\lombok-1.18.32.jar;C:\Users\USUARIO\.m2\repository\org\springframework\boot\spring-boot-starter-security\3.2.5\spring-boot-starter-security-3.2.5.jar;C:\Users\USUARIO\.m2\repository\org\springframework\spring-aop\6.1.6\spring-aop-6.1.6.jar;C:\Users\USUARIO\.m2\repository\org\springframework\security\spring-security-config\6.2.4\spring-security-config-6.2.4.jar;C:\Users\USUARIO\.m2\repository\org\springframework\security\spring-security-core\6.2.4\spring-security-core-6.2.4.jar;C:\Users\USUARIO\.m2\repository\org\springframework\security\spring-security-crypto\6.2.4\spring-security-crypto-6.2.4.jar;C:\Users\USUARIO\.m2\repository\org\springframework\security\spring-security-web\6.2.4\spring-security-web-6.2.4.jar;C:\Users\USUARIO\.m2\repository\org\springframework\boot\spring-boot-starter-validation\3.2.5\spring-boot-starter-validation-3.2.5.jar;C:\Users\USUARIO\.m2\repository\org\apache\tomcat\embed\tomcat-embed-el\10.1.20\tomcat-embed-el-10.1.20.jar;C:\Users\USUARIO\.m2\repository\org\hibernate\validator\hibernate-validator\8.0.1.Final\hibernate-validator-8.0.1.Final.jar;C:\Users\USUARIO\.m2\repository\jakarta\validation\jakarta.validation-api\3.0.2\jakarta.validation-api-3.0.2.jar;C:\Users\USUARIO\.m2\repository\io\jsonwebtoken\jjwt-api\0.12.5\jjwt-api-0.12.5.jar;C:\Users\USUARIO\.m2\repository\io\jsonwebtoken\jjwt-impl\0.12.5\jjwt-impl-0.12.5.jar;C:\Users\USUARIO\.m2\repository\io\jsonwebtoken\jjwt-jackson\0.12.5\jjwt-jackson-0.12.5.jar;C:\Users\USUARIO\.m2\repository\com\fasterxml\jackson\core\jackson-databind\2.15.4\jackson-databind-2.15.4.jar;C:\Users\USUARIO\.m2\repository\com\fasterxml\jackson\core\jackson-annotations\2.15.4\jackson-annotations-2.15.4.jar;C:\Users\USUARIO\.m2\repository\org\springframework\boot\spring-boot-starter-mail\3.2.5\spring-boot-starter-mail-3.2.5.jar;C:\Users\USUARIO\.m2\repository\org\springframework\spring-context-support\6.1.6\spring-context-support-6.1.6.jar;C:\Users\USUARIO\.m2\repository\org\eclipse\angus\jakarta.mail\2.0.3\jakarta.mail-2.0.3.jar;C:\Users\USUARIO\.m2\repository\org\eclipse\angus\angus-activation\2.0.2\angus-activation-2.0.2.jar;C:\Users\USUARIO\.m2\repository\org\jsoup\jsoup\1.14.3\jsoup-1.14.3.jar;C:\Users\USUARIO\.m2\repository\org\springframework\boot\spring-boot-starter-websocket\3.2.5\spring-boot-starter-websocket-3.2.5.jar;C:\Users\USUARIO\.m2\repository\org\springframework\spring-messaging\6.1.6\spring-messaging-6.1.6.jar;C:\Users\USUARIO\.m2\repository\org\springframework\spring-websocket\6.1.6\spring-websocket-6.1.6.jar;C:\Users\USUARIO\.m2\repository\org\webjars\webjars-locator-core\0.55\webjars-locator-core-0.55.jar;C:\Users\USUARIO\.m2\repository\org\slf4j\slf4j-api\2.0.13\slf4j-api-2.0.13.jar;C:\Users\USUARIO\.m2\repository\io\github\classgraph\classgraph\4.8.149\classgraph-4.8.149.jar;C:\Users\USUARIO\.m2\repository\com\fasterxml\jackson\core\jackson-core\2.15.4\jackson-core-2.15.4.jar;C:\Users\USUARIO\.m2\repository\org\webjars\sockjs-client\1.0.2\sockjs-client-1.0.2.jar;C:\Users\USUARIO\.m2\repository\org\webjars\stomp-websocket\2.3.3\stomp-websocket-2.3.3.jar;C:\Users\USUARIO\.m2\repository\org\json\json\20210307\json-20210307.jar
Launcher Type: SUN_STANDARD

[Global flags]
     intx CICompilerCount                          = 3                                         {product} {ergonomic}
   size_t CompressedClassSpaceSize                 = 436207616                                 {product} {ergonomic}
     uint ConcGCThreads                            = 1                                         {product} {ergonomic}
     uint G1ConcRefinementThreads                  = 4                                         {product} {ergonomic}
   size_t G1HeapRegionSize                         = 1048576                                   {product} {ergonomic}
    uintx GCDrainStackTargetSize                   = 64                                        {product} {ergonomic}
   size_t InitialHeapSize                          = 536870912                                 {product} {command line}
   size_t MarkStackSize                            = 4194304                                   {product} {ergonomic}
   size_t MaxHeapSize                              = 2147483648                                {product} {command line}
   size_t MaxMetaspaceSize                         = 536870912                                 {product} {command line}
   size_t MinHeapDeltaBytes                        = 1048576                                   {product} {ergonomic}
   size_t MinHeapSize                              = 536870912                                 {product} {command line}
    uintx NonNMethodCodeHeapSize                   = 5832780                                {pd product} {ergonomic}
    uintx NonProfiledCodeHeapSize                  = 122912730                              {pd product} {ergonomic}
    uintx ProfiledCodeHeapSize                     = 122912730                              {pd product} {ergonomic}
    uintx ReservedCodeCacheSize                    = 251658240                              {pd product} {ergonomic}
     bool SegmentedCodeCache                       = true                                      {product} {ergonomic}
   size_t SoftMaxHeapSize                          = 2147483648                             {manageable} {ergonomic}
     bool UseCompressedOops                        = true                           {product lp64_product} {ergonomic}
     bool UseG1GC                                  = true                                      {product} {ergonomic}
     bool UseLargePagesIndividualAllocation        = false                                  {pd product} {ergonomic}

Logging:
Log output configuration:
 #0: stdout all=warning uptime,level,tags foldmultilines=false
 #1: stderr all=off uptime,level,tags foldmultilines=false

Environment Variables:
PATH=C:\Program Files\Common Files\Oracle\Java\javapath;C:\Program Files (x86)\Common Files\Oracle\Java\java8path;C:\Program Files (x86)\Common Files\Oracle\Java\javapath;C:\WINDOWS\system32;C:\WINDOWS;C:\WINDOWS\System32\Wbem;C:\WINDOWS\System32\WindowsPowerShell\v1.0\;C:\WINDOWS\System32\OpenSSH\;C:\Program Files\Git\cmd;%NVM_HOME%;%NVM_SYMLINK%;C:\Program Files\nodejs\;C:\Users\USUARIO\AppData\Local\Microsoft\WindowsApps;C:\Users\USUARIO\AppData\Local\Programs\Microsoft VS Code\bin;C:\Program Files\JetBrains\IntelliJ IDEA Community Edition 2023.3.4\bin;C:\Program Files\JetBrains\IntelliJ IDEA 2024.3.3\bin;C:\Users\USUARIO\.lmstudio\bin;C:\Users\USUARIO\AppData\Roaming\nvm;C:\Program Files\nodejs;C:\Users\USUARIO\AppData\Roaming\npm;C:\Program Files\JetBrains\IntelliJ IDEA Community Edition 2024.3.5\bin;
USERNAME=USUARIO
OS=Windows_NT
PROCESSOR_IDENTIFIER=Intel64 Family 6 Model 122 Stepping 8, GenuineIntel
TMP=C:\Users\USUARIO\AppData\Local\Temp
TEMP=C:\Users\USUARIO\AppData\Local\Temp




Periodic native trim disabled

---------------  S Y S T E M  ---------------

OS:
 Windows 11 , 64 bit Build 26100 (10.0.26100.3912)
OS uptime: 2 days 6:21 hours

CPU: total 4 (initial active 4) (4 cores per cpu, 1 threads per core) family 6 model 122 stepping 8 microcode 0x22, cx8, cmov, fxsr, mmx, 3dnowpref, sse, sse2, sse3, ssse3, sse4.1, sse4.2, popcnt, tsc, tscinvbit, aes, erms, clmul, sha, clflush, clflushopt, rdtscp, rdpid
Processor Information for all 4 processors :
  Max Mhz: 1101, Current Mhz: 1101, Mhz Limit: 1101

Memory: 4k page, system-wide physical 16199M (5189M free)
TotalPageFile size 16199M (AvailPageFile size 475M)
current process WorkingSet (physical memory assigned to process): 12M, peak: 12M
current process commit charge ("private bytes"): 52M, peak: 564M

vm_info: Java HotSpot(TM) 64-Bit Server VM (21.0.6+8-LTS-188) for windows-amd64 JRE (21.0.6+8-LTS-188), built on 2024-12-03T10:50:54Z by "mach5one" with MS VC++ 17.6 (VS2022)

END.
